[    0.000000] Linux version 4.15.0-212-generic (buildd@lcy02-amd64-083) (gcc version 7.5.0 (Ubuntu 7.5.0-3ubuntu1~18.04)) #223-Ubuntu SMP Tue May 23 13:09:22 UTC 2023 (Ubuntu 4.15.0-212.223-generic 4.15.18)
[    0.000000] Command line: BOOT_IMAGE=/boot/vmlinuz-4.15.0-212-generic root=LABEL=cloudimg-rootfs ro console=tty1 console=ttyS0
[    0.000000] KERNEL supported cpus:
[    0.000000]   Intel GenuineIntel
[    0.000000]   AMD AuthenticAMD
[    0.000000]   Centaur CentaurHauls
[    0.000000] x86/fpu: x87 FPU will use FXSAVE
[    0.000000] e820: BIOS-provided physical RAM map:
[    0.000000] BIOS-e820: [mem 0x0000000000000000-0x000000000009fbff] usable
[    0.000000] BIOS-e820: [mem 0x000000000009fc00-0x000000000009ffff] reserved
[    0.000000] BIOS-e820: [mem 0x00000000000f0000-0x00000000000fffff] reserved
[    0.000000] BIOS-e820: [mem 0x0000000000100000-0x000000003ffeffff] usable
[    0.000000] BIOS-e820: [mem 0x000000003fff0000-0x000000003fffffff] ACPI data
[    0.000000] BIOS-e820: [mem 0x00000000fec00000-0x00000000fec00fff] reserved
[    0.000000] BIOS-e820: [mem 0x00000000fee00000-0x00000000fee00fff] reserved
[    0.000000] BIOS-e820: [mem 0x00000000fffc0000-0x00000000ffffffff] reserved
[    0.000000] NX (Execute Disable) protection: active
[    0.000000] SMBIOS 2.5 present.
[    0.000000] DMI: innotek GmbH VirtualBox/VirtualBox, BIOS VirtualBox 12/01/2006
[    0.000000] Hypervisor detected: KVM
[    0.000000] e820: last_pfn = 0x3fff0 max_arch_pfn = 0x400000000
[    0.000000] x86/PAT: Configuration [0-7]: WB  WC  UC- UC  WB  WP  UC- WT  
[    0.000000] CPU MTRRs all blank - virtualized system.
[    0.000000] found SMP MP-table at [mem 0x0009fbf0-0x0009fbff]
[    0.000000] Scanning 1 areas for low memory corruption
[    0.000000] RAMDISK: [mem 0x359cb000-0x36cdcfff]
[    0.000000] ACPI: Early table checksum verification disabled
[    0.000000] ACPI: RSDP 0x00000000000E0000 000024 (v02 VBOX  )
[    0.000000] ACPI: XSDT 0x000000003FFF0030 00003C (v01 VBOX   VBOXXSDT 00000001 ASL  00000061)
[    0.000000] ACPI: FACP 0x000000003FFF00F0 0000F4 (v04 VBOX   VBOXFACP 00000001 ASL  00000061)
[    0.000000] ACPI: DSDT 0x000000003FFF0610 002353 (v02 VBOX   VBOXBIOS 00000002 INTL 20100528)
[    0.000000] ACPI: FACS 0x000000003FFF0200 000040
[    0.000000] ACPI: FACS 0x000000003FFF0200 000040
[    0.000000] ACPI: APIC 0x000000003FFF0240 00005C (v02 VBOX   VBOXAPIC 00000001 ASL  00000061)
[    0.000000] ACPI: SSDT 0x000000003FFF02A0 00036C (v01 VBOX   VBOXCPUT 00000002 INTL 20100528)
[    0.000000] ACPI: Reserving FACP table memory at [mem 0x3fff00f0-0x3fff01e3]
[    0.000000] ACPI: Reserving DSDT table memory at [mem 0x3fff0610-0x3fff2962]
[    0.000000] ACPI: Reserving FACS table memory at [mem 0x3fff0200-0x3fff023f]
[    0.000000] ACPI: Reserving FACS table memory at [mem 0x3fff0200-0x3fff023f]
[    0.000000] ACPI: Reserving APIC table memory at [mem 0x3fff0240-0x3fff029b]
[    0.000000] ACPI: Reserving SSDT table memory at [mem 0x3fff02a0-0x3fff060b]
[    0.000000] No NUMA configuration found
[    0.000000] Faking a node at [mem 0x0000000000000000-0x000000003ffeffff]
[    0.000000] NODE_DATA(0) allocated [mem 0x3ffc5000-0x3ffeffff]
[    0.000000] kvm-clock: cpu 0, msr 0:3ff44001, primary cpu clock
[    0.000000] kvm-clock: Using msrs 4b564d01 and 4b564d00
[    0.000000] kvm-clock: using sched offset of 5397776708 cycles
[    0.000000] clocksource: kvm-clock: mask: 0xffffffffffffffff max_cycles: 0x1cd42e4dffb, max_idle_ns: 881590591483 ns
[    0.000000] Zone ranges:
[    0.000000]   DMA      [mem 0x0000000000001000-0x0000000000ffffff]
[    0.000000]   DMA32    [mem 0x0000000001000000-0x000000003ffeffff]
[    0.000000]   Normal   empty
[    0.000000]   Device   empty
[    0.000000] Movable zone start for each node
[    0.000000] Early memory node ranges
[    0.000000]   node   0: [mem 0x0000000000001000-0x000000000009efff]
[    0.000000]   node   0: [mem 0x0000000000100000-0x000000003ffeffff]
[    0.000000] Reserved but unavailable: 104 pages
[    0.000000] Initmem setup node 0 [mem 0x0000000000001000-0x000000003ffeffff]
[    0.000000] ACPI: PM-Timer IO Port: 0x4008
[    0.000000] IOAPIC[0]: apic_id 2, version 32, address 0xfec00000, GSI 0-23
[    0.000000] ACPI: INT_SRC_OVR (bus 0 bus_irq 0 global_irq 2 dfl dfl)
[    0.000000] ACPI: INT_SRC_OVR (bus 0 bus_irq 9 global_irq 9 low level)
[    0.000000] Using ACPI (MADT) for SMP configuration information
[    0.000000] smpboot: Allowing 2 CPUs, 0 hotplug CPUs
[    0.000000] PM: Registered nosave memory: [mem 0x00000000-0x00000fff]
[    0.000000] PM: Registered nosave memory: [mem 0x0009f000-0x0009ffff]
[    0.000000] PM: Registered nosave memory: [mem 0x000a0000-0x000effff]
[    0.000000] PM: Registered nosave memory: [mem 0x000f0000-0x000fffff]
[    0.000000] e820: [mem 0x40000000-0xfebfffff] available for PCI devices
[    0.000000] Booting paravirtualized kernel on KVM
[    0.000000] clocksource: refined-jiffies: mask: 0xffffffff max_cycles: 0xffffffff, max_idle_ns: 7645519600211568 ns
[    0.000000] setup_percpu: NR_CPUS:8192 nr_cpumask_bits:2 nr_cpu_ids:2 nr_node_ids:1
[    0.000000] percpu: Embedded 50 pages/cpu s167936 r8192 d28672 u1048576
[    0.000000] PV qspinlock hash table entries: 256 (order: 0, 4096 bytes)
[    0.000000] Built 1 zonelists, mobility grouping on.  Total pages: 257913
[    0.000000] Policy zone: DMA32
[    0.000000] Kernel command line: BOOT_IMAGE=/boot/vmlinuz-4.15.0-212-generic root=LABEL=cloudimg-rootfs ro console=tty1 console=ttyS0
[    0.000000] Memory: 982644K/1048120K available (12300K kernel code, 2477K rwdata, 4324K rodata, 2480K init, 2720K bss, 65476K reserved, 0K cma-reserved)
[    0.000000] SLUB: HWalign=64, Order=0-3, MinObjects=0, CPUs=2, Nodes=1
[    0.000000] ftrace: allocating 39508 entries in 155 pages
[    0.004000] Hierarchical RCU implementation.
[    0.004000] 	RCU restricting CPUs from NR_CPUS=8192 to nr_cpu_ids=2.
[    0.004000] 	Tasks RCU enabled.
[    0.004000] RCU: Adjusting geometry for rcu_fanout_leaf=16, nr_cpu_ids=2
[    0.004000] NR_IRQS: 524544, nr_irqs: 440, preallocated irqs: 16
[    0.004000] random: crng init done
[    0.004000] Console: colour VGA+ 80x25
[    0.004000] console [tty1] enabled
[    0.004000] console [ttyS0] enabled
[    0.004000] ACPI: Core revision 20170831
[    0.004000] ACPI: 2 ACPI AML tables successfully acquired and loaded
[    0.004000] APIC: Switch to symmetric I/O mode setup
[    0.004000] ..TIMER: vector=0x30 apic1=0 pin1=2 apic2=-1 pin2=-1
[    0.004014] tsc: Detected 2918.398 MHz processor
[    0.008028] Calibrating delay loop (skipped) preset value.. 5836.79 BogoMIPS (lpj=11673592)
[    0.012014] pid_max: default: 32768 minimum: 301
[    0.016291] Security Framework initialized
[    0.020014] Yama: becoming mindful.
[    0.024295] AppArmor: AppArmor initialized
[    0.039147] Dentry cache hash table entries: 131072 (order: 8, 1048576 bytes)
[    0.049017] Inode-cache hash table entries: 65536 (order: 7, 524288 bytes)
[    0.052254] Mount-cache hash table entries: 2048 (order: 2, 16384 bytes)
[    0.056268] Mountpoint-cache hash table entries: 2048 (order: 2, 16384 bytes)
[    0.066509] Last level iTLB entries: 4KB 0, 2MB 0, 4MB 0
[    0.068016] Last level dTLB entries: 4KB 0, 2MB 0, 4MB 0, 1GB 0
[    0.072014] Spectre V1 : Mitigation: usercopy/swapgs barriers and __user pointer sanitization
[    0.076013] Spectre V2 : Mitigation: Enhanced IBRS
[    0.080007] Spectre V2 : Spectre v2 / SpectreRSB mitigation: Filling RSB on context switch
[    0.084004] Spectre V2 : Spectre v2 / PBRSB-eIBRS: Retire a single CALL on VMEXIT
[    0.088007] RETBleed: Mitigation: Enhanced IBRS
[    0.092004] Speculative Store Bypass: Vulnerable
[    0.096220] Freeing SMP alternatives memory: 36K
[    0.216000] smpboot: CPU0: 11th Gen Intel(R) Core(TM) i7-1195G7 @ 2.90GHz (family: 0x6, model: 0x8c, stepping: 0x2)
[    0.217041] Performance Events: unsupported p6 CPU model 140 no PMU driver, software events only.
[    0.220286] Hierarchical SRCU implementation.
[    0.226499] NMI watchdog: Perf event create on CPU 0 failed with -2
[    0.228007] NMI watchdog: Perf NMI watchdog permanently disabled
[    0.232835] smp: Bringing up secondary CPUs ...
[    0.237123] x86: Booting SMP configuration:
[    0.240009] .... node  #0, CPUs:      #1
[    0.004000] kvm-clock: cpu 1, msr 0:3ff44041, secondary cpu clock
[    0.264280] smp: Brought up 1 node, 2 CPUs
[    0.268009] smpboot: Max logical packages: 1
[    0.272015] smpboot: Total of 2 processors activated (11673.59 BogoMIPS)
[    0.281340] devtmpfs: initialized
[    0.284377] x86/mm: Memory block size: 128MB
[    0.288925] evm: security.selinux
[    0.292007] evm: security.SMACK64
[    0.296009] evm: security.SMACK64EXEC
[    0.300009] evm: security.SMACK64TRANSMUTE
[    0.304008] evm: security.SMACK64MMAP
[    0.308007] evm: security.apparmor
[    0.312009] evm: security.ima
[    0.316007] evm: security.capability
[    0.325199] clocksource: jiffies: mask: 0xffffffff max_cycles: 0xffffffff, max_idle_ns: 7645041785100000 ns
[    0.328012] futex hash table entries: 512 (order: 3, 32768 bytes)
[    0.332515] pinctrl core: initialized pinctrl subsystem
[    0.336760] RTC time: 14:23:56, date: 07/07/25
[    0.345096] NET: Registered protocol family 16
[    0.348136] audit: initializing netlink subsys (disabled)
[    0.356011] audit: type=2000 audit(1751898241.669:1): state=initialized audit_enabled=0 res=1
[    0.372015] cpuidle: using governor ladder
[    0.380026] cpuidle: using governor menu
[    0.384159] ACPI: bus type PCI registered
[    0.388006] acpiphp: ACPI Hot Plug PCI Controller Driver version: 0.5
[    0.393340] PCI: Using configuration type 1 for base access
[    0.408696] HugeTLB registered 2.00 MiB page size, pre-allocated 0 pages
[    0.421214] ACPI: Added _OSI(Module Device)
[    0.424012] ACPI: Added _OSI(Processor Device)
[    0.428007] ACPI: Added _OSI(3.0 _SCP Extensions)
[    0.432013] ACPI: Added _OSI(Processor Aggregator Device)
[    0.436012] ACPI: Added _OSI(Linux-Dell-Video)
[    0.440007] ACPI: Added _OSI(Linux-Lenovo-NV-HDMI-Audio)
[    0.444009] ACPI: Added _OSI(Linux-HPI-Hybrid-Graphics)
[    0.454205] ACPI: Executed 1 blocks of module-level executable AML code
[    0.471514] ACPI: Interpreter enabled
[    0.472035] ACPI: (supports S0 S5)
[    0.476012] ACPI: Using IOAPIC for interrupt routing
[    0.481073] PCI: Using host bridge windows from ACPI; if necessary, use "pci=nocrs" and report a bug
[    0.484819] ACPI: Enabled 2 GPEs in block 00 to 07
[    0.520406] ACPI: PCI Root Bridge [PCI0] (domain 0000 [bus 00-ff])
[    0.524040] acpi PNP0A03:00: _OSC: OS supports [ASPM ClockPM Segments MSI]
[    0.532137] acpi PNP0A03:00: _OSC: not requesting OS control; OS requires [ExtendedConfig ASPM ClockPM MSI]
[    0.536057] acpi PNP0A03:00: fail to add MMCONFIG information, can't access extended PCI configuration space under this bridge.
[    0.545312] PCI host bridge to bus 0000:00
[    0.548017] pci_bus 0000:00: root bus resource [io  0x0000-0x0cf7 window]
[    0.552016] pci_bus 0000:00: root bus resource [io  0x0d00-0xffff window]
[    0.556016] pci_bus 0000:00: root bus resource [mem 0x000a0000-0x000bffff window]
[    0.560015] pci_bus 0000:00: root bus resource [mem 0x40000000-0xfdffffff window]
[    0.564017] pci_bus 0000:00: root bus resource [bus 00-ff]
[    0.583214] pci 0000:00:01.1: legacy IDE quirk: reg 0x10: [io  0x01f0-0x01f7]
[    0.584015] pci 0000:00:01.1: legacy IDE quirk: reg 0x14: [io  0x03f6]
[    0.588017] pci 0000:00:01.1: legacy IDE quirk: reg 0x18: [io  0x0170-0x0177]
[    0.592009] pci 0000:00:01.1: legacy IDE quirk: reg 0x1c: [io  0x0376]
[    0.655596] pci 0000:00:07.0: quirk: [io  0x4000-0x403f] claimed by PIIX4 ACPI
[    0.656101] pci 0000:00:07.0: quirk: [io  0x4100-0x410f] claimed by PIIX4 SMB
[    0.678438] ACPI: PCI Interrupt Link [LNKA] (IRQs 5 9 10 *11)
[    0.681489] ACPI: PCI Interrupt Link [LNKB] (IRQs 5 9 *10 11)
[    0.684538] ACPI: PCI Interrupt Link [LNKC] (IRQs 5 *9 10 11)
[    0.688551] ACPI: PCI Interrupt Link [LNKD] (IRQs 5 9 10 *11)
[    0.692751] SCSI subsystem initialized
[    0.696536] pci 0000:00:02.0: vgaarb: setting as boot VGA device
[    0.700000] pci 0000:00:02.0: vgaarb: VGA device added: decodes=io+mem,owns=io+mem,locks=none
[    0.700019] pci 0000:00:02.0: vgaarb: bridge control possible
[    0.704009] vgaarb: loaded
[    0.708228] ACPI: bus type USB registered
[    0.712070] usbcore: registered new interface driver usbfs
[    0.716109] usbcore: registered new interface driver hub
[    0.720053] usbcore: registered new device driver usb
[    0.724609] EDAC MC: Ver: 3.0.0
[    0.733033] PCI: Using ACPI for IRQ routing
[    0.738052] NetLabel: Initializing
[    0.740008] NetLabel:  domain hash size = 128
[    0.744008] NetLabel:  protocols = UNLABELED CIPSOv4 CALIPSO
[    0.748055] NetLabel:  unlabeled traffic allowed by default
[    0.756636] clocksource: Switched to clocksource kvm-clock
[    0.799119] VFS: Disk quotas dquot_6.6.0
[    0.799119] VFS: Dquot-cache hash table entries: 512 (order 0, 4096 bytes)
[    0.799119] AppArmor: AppArmor Filesystem Enabled
[    0.799119] pnp: PnP ACPI init
[    0.799119] pnp: PnP ACPI: found 3 devices
[    0.989777] clocksource: acpi_pm: mask: 0xffffff max_cycles: 0xffffff, max_idle_ns: 2085701024 ns
[    0.992680] NET: Registered protocol family 2
[    0.992680] IP idents hash table entries: 16384 (order: 5, 131072 bytes)
[    1.037191] TCP established hash table entries: 8192 (order: 4, 65536 bytes)
[    1.047256] TCP bind hash table entries: 8192 (order: 5, 131072 bytes)
[    1.050973] TCP: Hash tables configured (established 8192 bind 8192)
[    1.050973] UDP hash table entries: 512 (order: 2, 16384 bytes)
[    1.050973] UDP-Lite hash table entries: 512 (order: 2, 16384 bytes)
[    1.050973] NET: Registered protocol family 1
[    1.050973] pci 0000:00:00.0: Limiting direct PCI/PCI transfers
[    1.050973] pci 0000:00:01.0: Activating ISA DMA hang workarounds
[    1.050973] pci 0000:00:02.0: Video device with shadowed ROM at [mem 0x000c0000-0x000dffff]
[    1.050973] Unpacking initramfs...
[    2.282308] Freeing initrd memory: 19528K
[    2.293949] clocksource: tsc: mask: 0xffffffffffffffff max_cycles: 0x2a1126e309d, max_idle_ns: 440795258009 ns
[    2.314165] platform rtc_cmos: registered platform RTC device (no PNP device found)
[    2.330360] Scanning for low memory corruption every 60 seconds
[    2.349462] Initialise system trusted keyrings
[    2.359741] Key type blacklist registered
[    2.368208] workingset: timestamp_bits=36 max_order=18 bucket_order=0
[    2.379494] zbud: loaded
[    2.386743] squashfs: version 4.0 (2009/01/31) Phillip Lougher
[    2.403918] fuse init (API version 7.26)
[    2.469419] Key type asymmetric registered
[    2.480200] Asymmetric key parser 'x509' registered
[    2.492643] Block layer SCSI generic (bsg) driver version 0.4 loaded (major 246)
[    2.509441] io scheduler noop registered
[    2.519584] io scheduler deadline registered
[    2.528436] io scheduler cfq registered (default)
[    2.542031] ACPI: AC Adapter [AC] (off-line)
[    2.550476] input: Power Button as /devices/LNXSYSTM:00/LNXPWRBN:00/input/input0
[    2.566820] ACPI: Power Button [PWRF]
[    2.577512] input: Sleep Button as /devices/LNXSYSTM:00/LNXSLPBN:00/input/input1
[    2.595985] ACPI: Sleep Button [SLPF]
[    2.613035] ACPI: Battery Slot [BAT0] (battery present)
[    2.613232] Serial: 8250/16550 driver, 32 ports, IRQ sharing enabled
[    2.698364] 00:02: ttyS0 at I/O 0x3f8 (irq = 4, base_baud = 115200) is a 16550A
[    2.720552] Linux agpgart interface v0.103
[    2.752761] loop: module loaded
[    2.763456] scsi host0: ata_piix
[    2.772295] scsi host1: ata_piix
[    2.779914] ata1: PATA max UDMA/33 cmd 0x1f0 ctl 0x3f6 bmdma 0xd000 irq 14
[    2.795469] ata2: PATA max UDMA/33 cmd 0x170 ctl 0x376 bmdma 0xd008 irq 15
[    2.814073] tun: Universal TUN/TAP device driver, 1.6
[    2.829862] PPP generic driver version 2.4.2
[    2.842461] ehci_hcd: USB 2.0 'Enhanced' Host Controller (EHCI) Driver
[    2.859368] ehci-pci: EHCI PCI platform driver
[    2.870516] ehci-platform: EHCI generic platform driver
[    2.882963] ohci_hcd: USB 1.1 'Open' Host Controller (OHCI) Driver
[    2.895723] ohci-pci: OHCI PCI platform driver
[    2.899687] ohci-platform: OHCI generic platform driver
[    2.899687] uhci_hcd: USB Universal Host Controller Interface driver
[    2.899687] i8042: PNP: PS/2 Controller [PNP0303:PS2K,PNP0f03:PS2M] at 0x60,0x64 irq 1,12
[    2.899687] serio: i8042 KBD port at 0x60,0x64 irq 1
[    2.899687] serio: i8042 AUX port at 0x60,0x64 irq 12
[    3.027682] mousedev: PS/2 mouse device common for all mice
[    3.085598] input: AT Translated Set 2 keyboard as /devices/platform/i8042/serio0/input/input2
[    3.088923] rtc_cmos rtc_cmos: rtc core: registered rtc_cmos as rtc0
[    3.120810] rtc_cmos rtc_cmos: alarms up to one day, 114 bytes nvram
[    3.135999] i2c /dev entries driver
[    3.146070] device-mapper: uevent: version 1.0.3
[    3.157886] device-mapper: ioctl: 4.37.0-ioctl (2017-09-20) initialised: dm-devel@redhat.com
[    3.177314] ledtrig-cpu: registered to indicate activity on CPUs
[    3.198414] NET: Registered protocol family 10
[    3.233939] Segment Routing with IPv6
[    3.245076] NET: Registered protocol family 17
[    3.256822] Key type dns_resolver registered
[    3.269246] mce: Using 0 MCE banks
[    3.277321] RAS: Correctable Errors collector initialized.
[    3.290778] sched_clock: Marking stable (3290639305, 0)->(5333044314, -2042405009)
[    3.322499] registered taskstats version 1
[    3.333067] Loading compiled-in X.509 certificates
[    3.357169] Loaded X.509 cert 'Build time autogenerated kernel key: b5b26778eaa3ab3a4a6cee031137706e947d12ad'
[    3.377242] Loaded X.509 cert 'Canonical Ltd. Live Patch Signing: 14df34d1a87cf37625abec039ef2bf521249b969'
[    3.395959] Loaded X.509 cert 'Canonical Ltd. Kernel Module Signing: 88f752e560a1e0737e31163a466ad7b70a850c19'
[    3.419160] blacklist: Loading compiled-in revocation X.509 certificates
[    3.437264] Loaded X.509 cert 'Canonical Ltd. Secure Boot Signing: 61482aa2830d0ab2ad5af10b7250da9033ddcef0'
[    3.456107] Loaded X.509 cert 'Canonical Ltd. Secure Boot Signing (2017): 242ade75ac4a15e50d50c84b0d45ff3eae707a03'
[    3.471777] Loaded X.509 cert 'Canonical Ltd. Secure Boot Signing (ESM 2018): 365188c1d374d6b07c3c8f240f8ef722433d6a8b'
[    3.500666] Loaded X.509 cert 'Canonical Ltd. Secure Boot Signing (2019): c0746fd6c5da3ae827864651ad66ae47fe24b3e8'
[    3.528258] Loaded X.509 cert 'Canonical Ltd. Secure Boot Signing (2021 v1): a8d54bbb3825cfb94fa13c9f8a594a195c107b8d'
[    3.555080] Loaded X.509 cert 'Canonical Ltd. Secure Boot Signing (2021 v2): 4cf046892d6fd3c9a5b03f98d845f90851dc6a8c'
[    3.579941] Loaded X.509 cert 'Canonical Ltd. Secure Boot Signing (2021 v3): 100437bb6de6e469b581e61cd66bce3ef4ed53af'
[    3.603477] Loaded X.509 cert 'Canonical Ltd. Secure Boot Signing (Ubuntu Core 2019): c1d57b8f6b743f23ee41f4f7ee292f06eecadfb9'
[    3.628682] zswap: loaded using pool lzo/zbud
[    3.666893] Key type big_key registered
[    3.677945] Key type trusted registered
[    3.696695] Key type encrypted registered
[    3.707487] AppArmor: AppArmor sha1 policy hashing enabled
[    3.720149] ima: No TPM chip found, activating TPM-bypass! (rc=-19)
[    3.733906] ima: Allocated hash algorithm: sha1
[    3.740576] evm: HMAC attrs: 0x1
[    3.751212]   Magic number: 1:838:383
[    3.761802] rtc_cmos rtc_cmos: setting system clock to 2025-07-07 14:24:00 UTC (1751898240)
[    3.780155] BIOS EDD facility v0.16 2004-Jun-25, 0 devices found
[    3.793771] EDD information not available.
[    3.816810] Freeing unused kernel image memory: 2480K
[    3.840240] Write protecting the kernel read-only data: 20480k
[    3.859831] Freeing unused kernel image memory: 2008K
[    3.873493] Freeing unused kernel image memory: 1820K
[    3.898491] x86/mm: Checked W+X mappings: passed, no W+X pages found.
Loading, please wait...
starting version 237
[    4.117278] e1000: Intel(R) PRO/1000 Network Driver - version 7.3.21-k8-NAPI
[    4.135338] e1000: Copyright (c) 1999-2006 Intel Corporation.
[    4.164473] Fusion MPT base driver 3.04.20
[    4.180022] Copyright (c) 1999-2008 LSI Corporation
[    4.279924] SSE version of gcm_enc/dec engaged.
[    4.336752] Fusion MPT SPI Host driver 3.04.20
[    4.449854] input: ImExPS/2 Generic Explorer Mouse as /devices/platform/i8042/serio1/input/input4
[    5.537990] e1000 0000:00:03.0 eth0: (PCI:33MHz:32-bit) 02:3b:7b:b7:3b:2d
[    5.553235] e1000 0000:00:03.0 eth0: Intel(R) PRO/1000 Network Connection
[    5.574950] mptbase: ioc0: Initiating bringup
[    5.706663] ioc0: LSI53C1030 A0: Capabilities={Initiator}
[    5.997420] scsi host2: ioc0: LSI53C1030 A0, FwRev=00000000h, Ports=1, MaxQ=256, IRQ=20
[    6.187800] scsi 2:0:0:0: Direct-Access     VBOX     HARDDISK         1.0  PQ: 0 ANSI: 5
[    6.240181] scsi target2:0:0: Beginning Domain Validation
[    6.321901] scsi target2:0:0: Domain Validation skipping write tests
[    6.341113] scsi target2:0:0: Ending Domain Validation
[    6.355857] scsi target2:0:0: asynchronous
[    6.373399] scsi 2:0:1:0: Direct-Access     VBOX     HARDDISK         1.0  PQ: 0 ANSI: 5
[    6.757025] scsi target2:0:1: Beginning Domain Validation
[    6.812489] scsi target2:0:1: Domain Validation skipping write tests
[    6.829021] scsi target2:0:1: Ending Domain Validation
[    6.845323] scsi target2:0:1: asynchronous
[    6.894162] sd 2:0:0:0: [sda] 83886080 512-byte logical blocks: (42.9 GB/40.0 GiB)
[    6.931656] sd 2:0:0:0: Attached scsi generic sg0 type 0
[    6.947598] sd 2:0:1:0: Attached scsi generic sg1 type 0
[    6.964543] sd 2:0:0:0: [sda] Write Protect is off
[    6.981918] sd 2:0:1:0: [sdb] 20480 512-byte logical blocks: (10.5 MB/10.0 MiB)
[    7.002766] sd 2:0:0:0: [sda] Incomplete mode parameter data
[    7.019224] sd 2:0:0:0: [sda] Assuming drive cache: write through
[    7.036953] sd 2:0:1:0: [sdb] Write Protect is off
[    7.050255] sd 2:0:1:0: [sdb] Incomplete mode parameter data
[    7.064532] sd 2:0:1:0: [sdb] Assuming drive cache: write through
[    7.093302]  sda: sda1
[    7.114547] sd 2:0:0:0: [sda] Attached SCSI disk
[    7.127979] sd 2:0:1:0: [sdb] Attached SCSI disk
[    7.565536] e1000 0000:00:08.0 eth1: (PCI:33MHz:32-bit) 08:00:27:4b:91:d8
[    7.582281] e1000 0000:00:08.0 eth1: Intel(R) PRO/1000 Network Connection
[    7.606206] e1000 0000:00:03.0 enp0s3: renamed from eth0
[    7.633686] e1000 0000:00:08.0 enp0s8: renamed from eth1
Begin: Loading essential drivers ... [   10.651392] raid6: sse2x1   gen() 15304 MB/s
[   12.648608] raid6: sse2x1   xor() 65509 MB/s
[   14.646751] raid6: sse2x2   gen() 171278 MB/s
[   15.688897] raid6: sse2x2   xor()  3785 MB/s
[   15.761352] raid6: sse2x4   gen()  8545 MB/s
[   15.834242] raid6: sse2x4   xor()  4858 MB/s
[   15.845445] raid6: using algorithm sse2x2 gen() 171278 MB/s
[   15.861643] raid6: .... xor() 3785 MB/s, rmw enabled
[   15.874102] raid6: using ssse3x2 recovery algorithm
[   15.892007] xor: measuring software checksum speed
[   16.010020]    prefetch64-sse: 19383.000 MB/sec
[   16.114509]    generic_sse: 15879.000 MB/sec
[   16.126258] xor: using function: prefetch64-sse (19383.000 MB/sec)
[   16.154428] async_tx: api initialized (async)
done.
Begin: Running /scripts/init-premount ... done.
Begin: Mounting root file system ... Begin: Running /scripts/local-top ... done.
Begin: Running /scripts/local-premount ... [   16.356744] Btrfs loaded, crc32c=crc32c-intel
Scanning for Btrfs filesystems
done.
Warning: fsck not present, so skipping root file system
[   16.499600] EXT4-fs (sda1): mounted filesystem with ordered data mode. Opts: (null)
done.
Begin: Running /scripts/local-bottom ... done.
Begin: Running /scripts/init-bottom ... done.
[   16.967450] ip_tables: (C) 2000-2006 Netfilter Core Team
[   17.014518] systemd[1]: systemd 237 running in system mode. (+PAM +AUDIT +SELINUX +IMA +APPARMOR +SMACK +SYSVINIT +UTMP +LIBCRYPTSETUP +GCRYPT +GNUTLS +ACL +XZ +LZ4 +SECCOMP +BLKID +ELFUTILS +KMOD -IDN2 +IDN -PCRE2 default-hierarchy=hybrid)
[   17.053523] systemd[1]: Detected virtualization oracle.
[   17.065405] systemd[1]: Detected architecture x86-64.

Welcome to [1mUbuntu 18.04.6 LTS[0m!

[   17.150494] systemd[1]: Set hostname to <ubuntu>.
[   17.174870] systemd[1]: Initializing machine ID from random generator.
[   17.186894] systemd[1]: Installed transient /etc/machine-id file.
[   17.771607] systemd[1]: Reached target System Time Synchronized.
[[0;32m  OK  [0m] Reached target System Time Synchronized.
[   17.822426] systemd[1]: Created slice User and Session Slice.
[[0;32m  OK  [0m] Created slice User and Session Slice.
[   17.840825] systemd[1]: Reached target User and Group Name Lookups.
[[0;32m  OK  [0m] Reached target User and Group Name Lookups.
[   17.860496] systemd[1]: Started Forward Password Requests to Wall Directory Watch.
[[0;32m  OK  [0m] Started Forward Password Requests to Wall Directory Watch.
[[0;32m  OK  [0m] Reached target Swap.
[[0;32m  OK  [0m] Set up automount Arbitrary Executab…rmats File System Automount Point.
[[0;32m  OK  [0m] Reached target Mounting snaps.
[[0;32m  OK  [0m] Reached target Mounted snaps.
[[0;32m  OK  [0m] Created slice System Slice.
[[0;32m  OK  [0m] Listening on fsck to fsckd communication Socket.
[[0;32m  OK  [0m] Created slice system-serial\x2dgetty.slice.
[[0;32m  OK  [0m] Listening on LVM2 metadata daemon socket.
[[0;32m  OK  [0m] Reached target Slices.
[[0;32m  OK  [0m] Listening on Journal Audit Socket.
[[0;32m  OK  [0m] Listening on Journal Socket (/dev/log).
[[0;32m  OK  [0m] Listening on Journal Socket.
         Mounting Kernel Debug File System...
         Starting Load Kernel Modules...
         Starting Uncomplicated firewall...
         Mounting POSIX Message Queue File System...
[[0;32m  OK  [0m] Listening on udev Kernel Socket.
         Starting Set the console keyboard layout...
         Starting File System Check on Root Device...[   18.026632] Loading iSCSI transport class v2.0-870.

[[0;32m  OK  [0m] Listening on Device-mapper event daemon FIFOs.
[[0;32m  OK  [0m] Listening on Network Service Netlink Socket.
[[0;32m  OK  [0m] Listening on Syslog Socket.
[[0;32m  OK  [0m] Listening on LVM2 poll daemon socket.
         Starting Monitoring of LVM2 mirrors…ng dmeventd or progress polling...
         Mounting Huge Pages File System...
         Starting Journal Service...
[[0;32m  OK  [0m] Listening on udev Control Socket.
         Starting udev Coldplug all Devices...
[[0;32m  OK  [0m] Listening on /dev/initctl Compatibility Named Pipe.
         Starting Create list of required st…ce nodes for the current kernel...
[[0;32m  OK  [0m] Mounted Kernel Debug File System.
[[0;32m  OK  [0m] Started Uncomplicated firewall.
[[0;32m  OK  [0m] Mounted POSIX Message Queue File System.
[[0;32m  OK  [0m] Started File System Check on Root Device.
[[0;32m  OK  [0m] Mounted Huge Pages File System.[   18.268179] iscsi: registered transport (tcp)

[[0;32m  OK  [0m] Started LVM2 metadata daemon.
[[0;32m  OK  [0m] Started File System Check Daemon to report status.
         Starting Remount Root and Kernel File Systems...
[[0;32m  OK  [0m] Started Create list of required sta…vice nodes for the current kernel.
         Starting Create Static Device Nodes in /dev...
[[0;32m  OK  [0m] Started Journal Service.
[   18.446398] EXT4-fs (sda1): re-mounted. Opts: (null)
[[0;32m  OK  [0m] Started Remount Root and Kernel File Systems.
         Starting Load/Save Random Seed...
         Starting Flush Journal to Persistent Storage...
[[0;32m  OK  [0m] Started Monitoring of LVM2 mirrors,…sing dmeventd or progress polling.
[[0;32m  OK  [0m] Started udev Coldplug all Devices.
[[0;32m  OK  [0m] Started Load/Save Random Seed.
[   18.606604] systemd-journald[409]: Received request to flush runtime journal from PID 1
[[0;32m  OK  [0m] Started Create Static Device Nodes in /dev.
         Starting udev Kernel Device Manager...
[[0;32m  OK  [0m] Started Flush Journal to Persistent Storage.
[[0;32m  OK  [0m] Started udev Kernel Device Manager.
[   18.816101] iscsi: registered transport (iser)
[[0;32m  OK  [0m] Started Load Kernel Modules.
         Mounting Kernel Configuration File System...
         Starting Apply Kernel Variables...
         Mounting FUSE Control File System...
[[0;32m  OK  [0m] Mounted Kernel Configuration File System.
[[0;32m  OK  [0m] Mounted FUSE Control File System.
[[0;32m  OK  [0m] Started Apply Kernel Variables.
[[0;32m  OK  [0m] Found device /dev/ttyS0.
[[0;32m  OK  [0m] Listening on Load/Save RF Kill Switch Status /dev/rfkill Watch.
[[0;32m  OK  [0m] Started Set the console keyboard layout.
[[0;32m  OK  [0m] Reached target Local File Systems (Pre).
[[0;32m  OK  [0m] Reached target Local File Systems.
         Starting Commit a transient machine-id on disk...
         Starting Tell Plymouth To Write Out Runtime Data...
         Starting Set console font and keymap...
         Starting ebtables ruleset management...
         Starting Create Volatile Files and Directories...
         Starting AppArmor initialization...
[[0;32m  OK  [0m] Started Dispatch Password Requests to Console Directory Watch.
[[0;32m  OK  [0m] Reached target Local Encrypted Volumes.
[[0;32m  OK  [0m] Started Commit a transient machine-id on disk.
[[0;32m  OK  [0m] Started Tell Plymouth To Write Out Runtime Data.
[[0;32m  OK  [0m] Started Create Volatile Files and Directories.
         Mounting Arbitrary Executable File Formats File System...
         Starting Update UTMP about System Boot/Shutdown...
[[0;32m  OK  [0m] Mounted Arbitrary Executable File Formats File System.
[[0;32m  OK  [0m] Started Update UTMP about System Boot/Shutdown.
[[0;32m  OK  [0m] Started ebtables ruleset management.
[[0;32m  OK  [0m] Started AppArmor initialization.
         Starting Load AppArmor profiles managed internally by snapd...
         Starting Initial cloud-init job (pre-networking)...
[[0;32m  OK  [0m] Started Load AppArmor profiles managed internally by snapd.
[[0;32m  OK  [0m] Started Set console font and keymap.
[   27.167519] cloud-init[752]: Cloud-init v. 23.1.2-0ubuntu0~18.04.1 running 'init-local' at Mon, 07 Jul 2025 14:24:23 +0000. Up 26.27 seconds.
[[0;32m  OK  [0m] Started Initial cloud-init job (pre-networking).
[[0;32m  OK  [0m] Reached target Network (Pre).
         Starting Network Service...
[[0;32m  OK  [0m] Started Network Service.
         Starting Wait for Network to be Configured...
         Starting Network Name Resolution...
[[0;32m  OK  [0m] Started Network Name Resolution.
[[0;32m  OK  [0m] Reached target Network.
[[0;32m  OK  [0m] Reached target Host and Network Name Lookups.
[[0;32m  OK  [0m] Started Wait for Network to be Configured.
         Starting Initial cloud-init job (metadata service crawler)...
[   30.348233] cloud-init[902]: Cloud-init v. 23.1.2-0ubuntu0~18.04.1 running 'init' at Mon, 07 Jul 2025 14:24:26 +0000. Up 29.97 seconds.
[   30.361510] cloud-init[902]: ci-info: ++++++++++++++++++++++++++++++++++++++++++++Net device info++++++++++++++++++++++++++++++++++++++++++++
[   30.369762] cloud-init[902]: ci-info: +--------+-------+---------------------------------------+---------------+--------+-------------------+
[   30.378913] cloud-init[902]: ci-info: | Device |   Up  |                Address                |      Mask     | Scope  |     Hw-Address    |
[   30.388866] cloud-init[902]: ci-info: +--------+-------+---------------------------------------+---------------+--------+-------------------+
[   30.397392] cloud-init[902]: ci-info: | enp0s3 |  True |               10.0.2.15               | 255.255.255.0 | global | 02:3b:7b:b7:3b:2d |
[   30.407719] cloud-init[902]: ci-info: | enp0s3 |  True | fd17:625c:f037:2:3b:7bff:feb7:3b2d/64 |       .       | global | 02:3b:7b:b7:3b:2d |
[   30.419523] cloud-init[902]: ci-info: | enp0s3 |  True |       fe80::3b:7bff:feb7:3b2d/64      |       .       |  link  | 02:3b:7b:b7:3b:2d |
[   30.429300] cloud-init[902]: ci-info: | enp0s8 | False |                   .                   |       .       |   .    | 08:00:27:4b:91:d8 |
[   30.438758] cloud-init[902]: ci-info: |   lo   |  True |               127.0.0.1               |   255.0.0.0   |  host  |         .         |
[   30.449111] cloud-init[902]: ci-info: |   lo   |  True |                ::1/128                |       .       |  host  |         .         |
[   30.457656] cloud-init[902]: ci-info: +--------+-------+---------------------------------------+---------------+--------+-------------------+
[   30.469838] cloud-init[902]: ci-info: ++++++++++++++++++++++++++++Route IPv4 info+++++++++++++++++++++++++++++
[   30.478812] cloud-init[902]: ci-info: +-------+-------------+----------+-----------------+-----------+-------+
[   30.489107] cloud-init[902]: ci-info: | Route | Destination | Gateway  |     Genmask     | Interface | Flags |
[   30.499047] cloud-init[902]: ci-info: +-------+-------------+----------+-----------------+-----------+-------+
[   30.509506] cloud-init[902]: ci-info: |   0   |   0.0.0.0   | 10.0.2.2 |     0.0.0.0     |   enp0s3  |   UG  |
[   30.519143] cloud-init[902]: ci-info: |   1   |   10.0.2.0  | 0.0.0.0  |  255.255.255.0  |   enp0s3  |   U   |
[   30.528891] cloud-init[902]: ci-info: |   2   |   10.0.2.2  | 0.0.0.0  | 255.255.255.255 |   enp0s3  |   UH  |
[   30.538472] cloud-init[902]: ci-info: +-------+-------------+----------+-----------------+-----------+-------+
[   30.549457] cloud-init[902]: ci-info: ++++++++++++++++++++++++Route IPv6 info++++++++++++++++++++++++
[   30.559285] cloud-init[902]: ci-info: +-------+-----------------------+---------+-----------+-------+
[   30.566880] cloud-init[902]: ci-info: | Route |      Destination      | Gateway | Interface | Flags |
[   30.573303] cloud-init[902]: ci-info: +-------+-----------------------+---------+-----------+-------+
[   30.577488] cloud-init[902]: ci-info: |   1   | fd17:625c:f037:2::/64 |    ::   |   enp0s3  |   U   |
[   30.583074] cloud-init[902]: ci-info: |   2   |       fe80::/64       |    ::   |   enp0s3  |   U   |
[   30.589823] cloud-init[902]: ci-info: |   3   |          ::/0         | fe80::2 |   enp0s3  |   UG  |
[   30.597330] cloud-init[902]: ci-info: |   5   |         local         |    ::   |   enp0s3  |   U   |
[   30.602910] cloud-init[902]: ci-info: |   6   |        ff00::/8       |    ::   |   enp0s3  |   U   |
[   30.610442] cloud-init[902]: ci-info: +-------+-----------------------+---------+-----------+-------+
[   32.065719] cloud-init[902]: Generating public/private rsa key pair.
[   32.071267] cloud-init[902]: Your identification has been saved in /etc/ssh/ssh_host_rsa_key.
[   32.080856] cloud-init[902]: Your public key has been saved in /etc/ssh/ssh_host_rsa_key.pub.
[   32.086612] cloud-init[902]: The key fingerprint is:
[   32.088850] cloud-init[902]: SHA256:DxC8DG6FsVY70gV2gvC67yIUGrXXVcrdjTLnxF3zys0 root@ubuntu-bionic
[   32.095607] cloud-init[902]: The key's randomart image is:
[   32.099538] cloud-init[902]: +---[RSA 2048]----+
[   32.104522] cloud-init[902]: |  ...=*.o..    ..|
[   32.110415] cloud-init[902]: |  ..+=oB.o o + .o|
[   32.122448] cloud-init[902]: | . o===oo + * o .|
[   32.137942] cloud-init[902]: |...o+.+o   * . + |
[   32.153821] cloud-init[902]: |..oo    S   . o E|
[   32.165272] cloud-init[902]: |.. .     o       |
[   32.174798] cloud-init[902]: |. .       .      |
[   32.184319] cloud-init[902]: |. ..             |
[   32.194394] cloud-init[902]: | . oo            |[[0;32m  OK  [0m
[   32.213115] cloud-init[902]: +----[SHA256]-----+
[   32.213697] cloud-init[902]: Generating public/private dsa key pair.
[   32.213788] cloud-init[902]: Your identification has been saved in /etc/ssh/ssh_host_dsa_key.
[   32.214884] cloud-init[902]: Your public key has been saved in /etc/ssh/ssh_host_dsa_key.pub.
[   32.216147] cloud-init[902]: The key fingerprint is:
[   32.217468] cloud-init[902]: SHA256:YhB9UqChT49THc2qyMsausYR9HLyfmbbe+F7ms5Ftts root@ubuntu-bionic
[   32.218467] cloud-init[902]: The key's randomart image is:
[   32.219551] cloud-init[902]: +---[DSA 1024]----+
[   32.222411] cloud-init[902]: |    o..ooo       |
[   32.223663] cloud-init[902]: | . . +o...o      |
[   32.225697] cloud-init[902]: |. o + .o..       |
[   32.226660] cloud-init[902]: | + = =  .        |
[   32.228017] cloud-init[902]: |  *.+.+.S  o     |
[   32.229001] cloud-init[902]: | . .oo.. .o .    |
[   32.229362] cloud-init[902]: |. +. .  . .o     |
[   32.229905] cloud-init[902]: | + oo+. .oo.o    |
[   32.230575] cloud-init[902]: |+...+..o+*+. E   |
[   32.231364] cloud-init[902]: +----[SHA256]-----+
[   32.231450] cloud-init[902]: Generating public/private ecdsa key pair.
[   32.231936] cloud-init[902]: Your identification has been saved in /etc/ssh/ssh_host_ecdsa_key.
[   32.232878] cloud-init[902]: Your public key has been saved in /etc/ssh/ssh_host_ecdsa_key.pub.
[   32.233856] cloud-init[902]: The key fingerprint is:
[   32.234764] cloud-init[902]: SHA256:D4WgHfeSGe+kAjVUFgXC7wNn7AILBjHX2JyCQIEVKR0 root@ubuntu-bionic
[   32.235758] cloud-init[902]: The key's randomart image is:
[   32.237959] cloud-init[902]: +---[ECDSA 256]---+
[   32.239136] cloud-init[902]: |BBEO +B.B+.      |
[   32.242179] cloud-init[902]: |=o= =+.B B       |
[   32.243423] cloud-init[902]: | o .o .o= =      |
[   32.245445] cloud-init[902]: |  o ... =*       |
[   32.246416] cloud-init[902]: | . . o.*S .      |
[   32.247430] cloud-init[902]: |    . ..+o       |
[   32.249636] cloud-init[902]: |       . ..      |
[   32.250799] cloud-init[902]: |                 |
[   32.251864] cloud-init[902]: |                 |
[   32.253972] cloud-init[902]: +----[SHA256]-----+
[   32.255073] cloud-init[902]: Generating public/private ed25519 key pair.
[   32.256566] cloud-init[902]: Your identification has been saved in /etc/ssh/ssh_host_ed25519_key.
[   32.257528] cloud-init[902]: Your public key has been saved in /etc/ssh/ssh_host_ed25519_key.pub.
[   32.258704] cloud-init[902]: The key fingerprint is:
[   32.259749] cloud-init[902]: SHA256:WYiQofhemxe48NqudZr0C2mdWQyQ82Tgy2vnAOVvBRs root@ubuntu-bionic
[   32.262778] cloud-init[902]: The key's randomart image is:
[   32.263881] cloud-init[902]: +--[ED25519 256]--+
[   32.266039] cloud-init[902]: |    ==           |
[   32.267159] cloud-init[902]: | . o+oo. .       |
[   32.268503] cloud-init[902]: |. . o=E . .      |
[   32.269296] cloud-init[902]: | . + o.* o       |
[   32.270269] cloud-init[902]: |  + * o S        |
[   32.271314] cloud-init[902]: | . = O *         |
[   32.273432] cloud-init[902]: |  . # X          |
[   32.274411] cloud-init[902]: |   B %           |
[   32.275501] cloud-init[902]: |  oo= +.         |
[   32.277567] cloud-init[902]: +----[SHA256]-----+
] Started Initial cloud-init job (metadata service crawler).
[[0;32m  OK  [0m] Reached target Cloud-config availability.
[[0;32m  OK  [0m] Reached target Network is Online.
[[0;32m  OK  [0m] Reached target Remote File Systems (Pre).
[[0;32m  OK  [0m] Reached target Remote File Systems.
         Starting Availability of block devices...
[[0;32m  OK  [0m] Reached target System Initialization.
[[0;32m  OK  [0m] Started ACPI Events Check.
[[0;32m  OK  [0m] Listening on cloud-init hotplug hook socket.
[[0;32m  OK  [0m] Started Discard unused blocks once a week.
         Starting Socket activation for snappy daemon.
         Starting LXD - unix socket.
[[0;32m  OK  [0m] Started Daily apt download activities.
[[0;32m  OK  [0m] Listening on D-Bus System Message Bus Socket.
[[0;32m  OK  [0m] Started Message of the Day.
[[0;32m  OK  [0m] Started Daily apt upgrade and clean activities.
[[0;32m  OK  [0m] Started Ubuntu Advantage Timer for running repeated jobs.
[[0;32m  OK  [0m] Listening on Open-iSCSI iscsid Socket.
[[0;32m  OK  [0m] Started Daily Cleanup of Temporary Directories.
[[0;32m  OK  [0m] Reached target Timers.
[[0;32m  OK  [0m] Reached target Paths.
[[0;32m  OK  [0m] Listening on UUID daemon activation socket.
[[0;32m  OK  [0m] Listening on ACPID Listen Socket.
[[0;32m  OK  [0m] Started Availability of block devices.
[[0;32m  OK  [0m] Listening on Socket activation for snappy daemon.
[[0;32m  OK  [0m] Listening on LXD - unix socket.
[[0;32m  OK  [0m] Reached target Sockets.
[[0;32m  OK  [0m] Reached target Basic System.
[[0;32m  OK  [0m] Started irqbalance daemon.
[[0;32m  OK  [0m] Started Regular background program processing daemon.
         Starting Virtualbox guest utils...
         Starting LXD - container startup/shutdown...
         Starting Dispatcher daemon for systemd-networkd...
         Starting LSB: Record successful boot for GRUB...
[[0;32m  OK  [0m] Started Deferred execution scheduler.
[[0;32m  OK  [0m] Started FUSE filesystem for LXC.
         Starting LSB: automatic crash report generation...
         Starting Permit User Sessions...
[[0;32m  OK  [0m] Started D-Bus System Message Bus.
         Starting Accounts Service...
         Starting Login Service...
         Starting Pollinate to seed the pseudo random number generator...
[[0;32m  OK  [0m] Reached target Login Prompts (Pre).
         Starting System Logging Service...
         Starting Snap Daemon...
[[0;32m  OK  [0m] Started Permit User Sessions.
[[0;32m  OK  [0m] Started System Logging Service.
         Starting Hostname Service...
         Starting Hold until boot process finishes up...
         Starting Terminate Plymouth Boot Screen...
[[0;32m  OK  [0m] Started Hold until boot process finishes up.
[[0;32m  OK  [0m] Started Login Service.
[[0;32m  OK  [0m] Started Unattended Upgrades Shutdown.
[[0;32m  OK  [0m] Started Serial Getty on ttyS0.
         Starting Set console scheme...
[[0;32m  OK  [0m] Started Terminate Plymouth Boot Screen.
[[0;32m  OK  [0m] Started LSB: automatic crash report generation.
[[0;32m  OK  [0m] Started Set console scheme.
[[0;32m  OK  [0m] Created slice system-getty.slice.
[[0;32m  OK  [0m] Started Getty on tty1.
[[0;32m  OK  [0m] Reached target Login Prompts.
[[0;32m  OK  [0m] Started LSB: Record successful boot for GRUB.
[[0;32m  OK  [0m] Started Hostname Service.
         Starting Authorization Manager...
[[0;32m  OK  [0m] Started LXD - container startup/shutdown.
[[0;32m  OK  [0m] Started Virtualbox guest utils.
[[0;32m  OK  [0m] Started Authorization Manager.
[[0;32m  OK  [0m] Started Accounts Service.
[[0;32m  OK  [0m] Started Dispatcher daemon for systemd-networkd.
[[0;32m  OK  [0m] Started Snap Daemon.
         Starting Wait until snapd is fully seeded...
[[0;32m  OK  [0m] Started Pollinate to seed the pseudo random number generator.
         Starting OpenBSD Secure Shell server...
[[0;32m  OK  [0m] Started OpenBSD Secure Shell server.
[[0;32m  OK  [0m] Created slice User Slice of vagrant.
         Starting User Manager for UID 1000...
[[0;32m  OK  [0m] Started Session 1 of user vagrant.
[[0;32m  OK  [0m] Started User Manager for UID 1000.
         Starting Time & Date Service...
[[0;32m  OK  [0m] Started Time & Date Service.

Ubuntu 18.04.6 LTS ubuntu-bionic ttyS0

ubuntu-bionic login: [   43.060953] cloud-init[1404]: Cloud-init v. 23.1.2-0ubuntu0~18.04.1 running 'modules:config' at Mon, 07 Jul 2025 14:24:37 +0000. Up 40.34 seconds.
ci-info: no authorized SSH keys fingerprints found for user ubuntu.
<14>Jul  7 14:24:41 cloud-init: #############################################################
<14>Jul  7 14:24:41 cloud-init: -----BEGIN SSH HOST KEY FINGERPRINTS-----
<14>Jul  7 14:24:41 cloud-init: 1024 SHA256:YhB9UqChT49THc2qyMsausYR9HLyfmbbe+F7ms5Ftts root@ubuntu-bionic (DSA)
<14>Jul  7 14:24:41 cloud-init: 256 SHA256:D4WgHfeSGe+kAjVUFgXC7wNn7AILBjHX2JyCQIEVKR0 root@ubuntu-bionic (ECDSA)
<14>Jul  7 14:24:41 cloud-init: 256 SHA256:WYiQofhemxe48NqudZr0C2mdWQyQ82Tgy2vnAOVvBRs root@ubuntu-bionic (ED25519)
<14>Jul  7 14:24:41 cloud-init: 2048 SHA256:DxC8DG6FsVY70gV2gvC67yIUGrXXVcrdjTLnxF3zys0 root@ubuntu-bionic (RSA)
<14>Jul  7 14:24:41 cloud-init: -----END SSH HOST KEY FINGERPRINTS-----
<14>Jul  7 14:24:41 cloud-init: #############################################################
-----BEGIN SSH HOST KEY KEYS-----
ecdsa-sha2-nistp256 AAAAE2VjZHNhLXNoYTItbmlzdHAyNTYAAAAIbmlzdHAyNTYAAABBBHiHwA/FTgGqG/QVKaR5Te6gBkHU5UatHIyUMjK/13Zb0MwRJi+h3HHHveDe+ViBuo1WK08/Wyfwo2P8PelSC4U= root@ubuntu-bionic
ssh-ed25519 AAAAC3NzaC1lZDI1NTE5AAAAINsVyppS2CUQOs7/HMcxDm3Km/hEdeOVe662IlD32TEv root@ubuntu-bionic
ssh-rsa AAAAB3NzaC1yc2EAAAADAQABAAABAQCho0/xXEsv3/LoAh8I8md4N/RbGU7dS65OwupLJqpU6LdBRO4LvKDGkVGkB9QvPt2jijNjxmyMVQalLqqnkKrqekW++2+Sho7D59VCV0KrhUZIlSzhuhlLNH49B8ralaq4EN439E7VDqMLz//ACSAq5bpDGig5Sb0DR/ESey+dls+ZCAuLlQ2PkFmg1bQDoHtvE1jI0ZsU+8FhDo35yv1Yr4vX1QSofgAujeuRbst76MVXaUNnJRS2L2kTbnfWlQuFkLh5bkxdBPblF+QxL/PVtXhb42xFC5qXt3h2m30Cjrsc9bI/Cz80ROIso4IM1LpkczkcJ31T/CIRyRaQGKsb root@ubuntu-bionic
-----END SSH HOST KEY KEYS-----
[   45.122121] cloud-init[1569]: Cloud-init v. 23.1.2-0ubuntu0~18.04.1 running 'modules:final' at Mon, 07 Jul 2025 14:24:41 +0000. Up 44.62 seconds.
[   45.122997] cloud-init[1569]: Cloud-init v. 23.1.2-0ubuntu0~18.04.1 finished at Mon, 07 Jul 2025 14:24:41 +0000. Datasource DataSourceNoCloud [seed=/dev/sdb][dsmode=net].  Up 45.09 seconds
