[    0.000000] Linux version 4.15.0-212-generic (buildd@lcy02-amd64-083) (gcc version 7.5.0 (Ubuntu 7.5.0-3ubuntu1~18.04)) #223-Ubuntu SMP Tue May 23 13:09:22 UTC 2023 (Ubuntu 4.15.0-212.223-generic 4.15.18)
[    0.000000] Command line: BOOT_IMAGE=/boot/vmlinuz-4.15.0-212-generic root=LABEL=cloudimg-rootfs ro console=tty1 console=ttyS0
[    0.000000] KERNEL supported cpus:
[    0.000000]   Intel GenuineIntel
[    0.000000]   AMD AuthenticAMD
[    0.000000]   Centaur CentaurHauls
[    0.000000] x86/fpu: x87 FPU will use FXSAVE
[    0.000000] e820: BIOS-provided physical RAM map:
[    0.000000] BIOS-e820: [mem 0x0000000000000000-0x000000000009fbff] usable
[    0.000000] BIOS-e820: [mem 0x000000000009fc00-0x000000000009ffff] reserved
[    0.000000] BIOS-e820: [mem 0x00000000000f0000-0x00000000000fffff] reserved
[    0.000000] BIOS-e820: [mem 0x0000000000100000-0x000000007ffeffff] usable
[    0.000000] BIOS-e820: [mem 0x000000007fff0000-0x000000007fffffff] ACPI data
[    0.000000] BIOS-e820: [mem 0x00000000fec00000-0x00000000fec00fff] reserved
[    0.000000] BIOS-e820: [mem 0x00000000fee00000-0x00000000fee00fff] reserved
[    0.000000] BIOS-e820: [mem 0x00000000fffc0000-0x00000000ffffffff] reserved
[    0.000000] NX (Execute Disable) protection: active
[    0.000000] SMBIOS 2.5 present.
[    0.000000] DMI: innotek GmbH VirtualBox/VirtualBox, BIOS VirtualBox 12/01/2006
[    0.000000] Hypervisor detected: KVM
[    0.000000] e820: last_pfn = 0x7fff0 max_arch_pfn = 0x400000000
[    0.000000] x86/PAT: Configuration [0-7]: WB  WC  UC- UC  WB  WP  UC- WT  
[    0.000000] CPU MTRRs all blank - virtualized system.
[    0.000000] found SMP MP-table at [mem 0x0009fbf0-0x0009fbff]
[    0.000000] Scanning 1 areas for low memory corruption
[    0.000000] RAMDISK: [mem 0x35819000-0x36c03fff]
[    0.000000] ACPI: Early table checksum verification disabled
[    0.000000] ACPI: RSDP 0x00000000000E0000 000024 (v02 VBOX  )
[    0.000000] ACPI: XSDT 0x000000007FFF0030 00003C (v01 VBOX   VBOXXSDT 00000001 ASL  00000061)
[    0.000000] ACPI: FACP 0x000000007FFF00F0 0000F4 (v04 VBOX   VBOXFACP 00000001 ASL  00000061)
[    0.000000] ACPI: DSDT 0x000000007FFF0610 002353 (v02 VBOX   VBOXBIOS 00000002 INTL 20100528)
[    0.000000] ACPI: FACS 0x000000007FFF0200 000040
[    0.000000] ACPI: FACS 0x000000007FFF0200 000040
[    0.000000] ACPI: APIC 0x000000007FFF0240 00005C (v02 VBOX   VBOXAPIC 00000001 ASL  00000061)
[    0.000000] ACPI: SSDT 0x000000007FFF02A0 00036C (v01 VBOX   VBOXCPUT 00000002 INTL 20100528)
[    0.000000] ACPI: Reserving FACP table memory at [mem 0x7fff00f0-0x7fff01e3]
[    0.000000] ACPI: Reserving DSDT table memory at [mem 0x7fff0610-0x7fff2962]
[    0.000000] ACPI: Reserving FACS table memory at [mem 0x7fff0200-0x7fff023f]
[    0.000000] ACPI: Reserving FACS table memory at [mem 0x7fff0200-0x7fff023f]
[    0.000000] ACPI: Reserving APIC table memory at [mem 0x7fff0240-0x7fff029b]
[    0.000000] ACPI: Reserving SSDT table memory at [mem 0x7fff02a0-0x7fff060b]
[    0.000000] No NUMA configuration found
[    0.000000] Faking a node at [mem 0x0000000000000000-0x000000007ffeffff]
[    0.000000] NODE_DATA(0) allocated [mem 0x7ffc5000-0x7ffeffff]
[    0.000000] kvm-clock: cpu 0, msr 0:7ff44001, primary cpu clock
[    0.000000] kvm-clock: Using msrs 4b564d01 and 4b564d00
[    0.000000] kvm-clock: using sched offset of 5243794980 cycles
[    0.000000] clocksource: kvm-clock: mask: 0xffffffffffffffff max_cycles: 0x1cd42e4dffb, max_idle_ns: 881590591483 ns
[    0.000000] Zone ranges:
[    0.000000]   DMA      [mem 0x0000000000001000-0x0000000000ffffff]
[    0.000000]   DMA32    [mem 0x0000000001000000-0x000000007ffeffff]
[    0.000000]   Normal   empty
[    0.000000]   Device   empty
[    0.000000] Movable zone start for each node
[    0.000000] Early memory node ranges
[    0.000000]   node   0: [mem 0x0000000000001000-0x000000000009efff]
[    0.000000]   node   0: [mem 0x0000000000100000-0x000000007ffeffff]
[    0.000000] Reserved but unavailable: 104 pages
[    0.000000] Initmem setup node 0 [mem 0x0000000000001000-0x000000007ffeffff]
[    0.000000] ACPI: PM-Timer IO Port: 0x4008
[    0.000000] IOAPIC[0]: apic_id 2, version 32, address 0xfec00000, GSI 0-23
[    0.000000] ACPI: INT_SRC_OVR (bus 0 bus_irq 0 global_irq 2 dfl dfl)
[    0.000000] ACPI: INT_SRC_OVR (bus 0 bus_irq 9 global_irq 9 low level)
[    0.000000] Using ACPI (MADT) for SMP configuration information
[    0.000000] smpboot: Allowing 2 CPUs, 0 hotplug CPUs
[    0.000000] PM: Registered nosave memory: [mem 0x00000000-0x00000fff]
[    0.000000] PM: Registered nosave memory: [mem 0x0009f000-0x0009ffff]
[    0.000000] PM: Registered nosave memory: [mem 0x000a0000-0x000effff]
[    0.000000] PM: Registered nosave memory: [mem 0x000f0000-0x000fffff]
[    0.000000] e820: [mem 0x80000000-0xfebfffff] available for PCI devices
[    0.000000] Booting paravirtualized kernel on KVM
[    0.000000] clocksource: refined-jiffies: mask: 0xffffffff max_cycles: 0xffffffff, max_idle_ns: 7645519600211568 ns
[    0.000000] setup_percpu: NR_CPUS:8192 nr_cpumask_bits:2 nr_cpu_ids:2 nr_node_ids:1
[    0.000000] percpu: Embedded 50 pages/cpu s167936 r8192 d28672 u1048576
[    0.000000] PV qspinlock hash table entries: 256 (order: 0, 4096 bytes)
[    0.000000] Built 1 zonelists, mobility grouping on.  Total pages: 515961
[    0.000000] Policy zone: DMA32
[    0.000000] Kernel command line: BOOT_IMAGE=/boot/vmlinuz-4.15.0-212-generic root=LABEL=cloudimg-rootfs ro console=tty1 console=ttyS0
[    0.000000] Memory: 2013968K/2096696K available (12300K kernel code, 2477K rwdata, 4324K rodata, 2480K init, 2720K bss, 82728K reserved, 0K cma-reserved)
[    0.000000] SLUB: HWalign=64, Order=0-3, MinObjects=0, CPUs=2, Nodes=1
[    0.000000] ftrace: allocating 39508 entries in 155 pages
[    0.004000] Hierarchical RCU implementation.
[    0.004000] 	RCU restricting CPUs from NR_CPUS=8192 to nr_cpu_ids=2.
[    0.004000] 	Tasks RCU enabled.
[    0.004000] RCU: Adjusting geometry for rcu_fanout_leaf=16, nr_cpu_ids=2
[    0.004000] NR_IRQS: 524544, nr_irqs: 440, preallocated irqs: 16
[    0.004000] random: crng init done
[    0.004000] Console: colour VGA+ 80x25
[    0.004000] console [tty1] enabled
[    0.004000] console [ttyS0] enabled
[    0.004000] ACPI: Core revision 20170831
[    0.004000] ACPI: 2 ACPI AML tables successfully acquired and loaded
[    0.004000] APIC: Switch to symmetric I/O mode setup
[    0.004000] ..TIMER: vector=0x30 apic1=0 pin1=2 apic2=-1 pin2=-1
[    0.004015] tsc: Detected 2918.398 MHz processor
[    0.008025] Calibrating delay loop (skipped) preset value.. 5836.79 BogoMIPS (lpj=11673592)
[    0.012010] pid_max: default: 32768 minimum: 301
[    0.016230] Security Framework initialized
[    0.020010] Yama: becoming mindful.
[    0.024074] AppArmor: AppArmor initialized
[    0.048554] Dentry cache hash table entries: 262144 (order: 9, 2097152 bytes)
[    0.062646] Inode-cache hash table entries: 131072 (order: 8, 1048576 bytes)
[    0.064366] Mount-cache hash table entries: 4096 (order: 3, 32768 bytes)
[    0.068086] Mountpoint-cache hash table entries: 4096 (order: 3, 32768 bytes)
[    0.081279] Last level iTLB entries: 4KB 0, 2MB 0, 4MB 0
[    0.084003] Last level dTLB entries: 4KB 0, 2MB 0, 4MB 0, 1GB 0
[    0.088003] Spectre V1 : Mitigation: usercopy/swapgs barriers and __user pointer sanitization
[    0.092010] Spectre V2 : Mitigation: Enhanced IBRS
[    0.096008] Spectre V2 : Spectre v2 / SpectreRSB mitigation: Filling RSB on context switch
[    0.100008] Spectre V2 : Spectre v2 / PBRSB-eIBRS: Retire a single CALL on VMEXIT
[    0.108010] RETBleed: Mitigation: Enhanced IBRS
[    0.112002] Speculative Store Bypass: Vulnerable
[    0.116415] Freeing SMP alternatives memory: 36K
[    0.248734] APIC calibration not consistent with PM-Timer: 101ms instead of 100ms
[    0.252000] APIC delta adjusted to PM-Timer: 6306778 (6387914)
[    0.253287] smpboot: CPU0: 11th Gen Intel(R) Core(TM) i7-1195G7 @ 2.90GHz (family: 0x6, model: 0x8c, stepping: 0x2)
[    0.256966] Performance Events: unsupported p6 CPU model 140 no PMU driver, software events only.
[    0.260253] Hierarchical SRCU implementation.
[    0.268722] NMI watchdog: Perf event create on CPU 0 failed with -2
[    0.272007] NMI watchdog: Perf NMI watchdog permanently disabled
[    0.280212] smp: Bringing up secondary CPUs ...
[    0.289871] x86: Booting SMP configuration:
[    0.292003] .... node  #0, CPUs:      #1
[    0.004000] kvm-clock: cpu 1, msr 0:7ff44041, secondary cpu clock
[    0.308262] smp: Brought up 1 node, 2 CPUs
[    0.316013] smpboot: Max logical packages: 1
[    0.320009] smpboot: Total of 2 processors activated (11673.59 BogoMIPS)
[    0.332182] devtmpfs: initialized
[    0.336296] x86/mm: Memory block size: 128MB
[    0.341439] evm: security.selinux
[    0.344007] evm: security.SMACK64
[    0.348002] evm: security.SMACK64EXEC
[    0.352009] evm: security.SMACK64TRANSMUTE
[    0.356003] evm: security.SMACK64MMAP
[    0.360010] evm: security.apparmor
[    0.364008] evm: security.ima
[    0.368008] evm: security.capability
[    0.376448] clocksource: jiffies: mask: 0xffffffff max_cycles: 0xffffffff, max_idle_ns: 7645041785100000 ns
[    0.380029] futex hash table entries: 512 (order: 3, 32768 bytes)
[    0.384462] pinctrl core: initialized pinctrl subsystem
[    0.392535] RTC time:  7:40:30, date: 07/11/25
[    0.401888] NET: Registered protocol family 16
[    0.408165] audit: initializing netlink subsys (disabled)
[    0.416005] audit: type=2000 audit(1752219635.765:1): state=initialized audit_enabled=0 res=1
[    0.436026] cpuidle: using governor ladder
[    0.440025] cpuidle: using governor menu
[    0.444166] ACPI: bus type PCI registered
[    0.448003] acpiphp: ACPI Hot Plug PCI Controller Driver version: 0.5
[    0.457027] PCI: Using configuration type 1 for base access
[    0.472962] HugeTLB registered 2.00 MiB page size, pre-allocated 0 pages
[    0.485723] ACPI: Added _OSI(Module Device)
[    0.488011] ACPI: Added _OSI(Processor Device)
[    0.492009] ACPI: Added _OSI(3.0 _SCP Extensions)
[    0.496010] ACPI: Added _OSI(Processor Aggregator Device)
[    0.500013] ACPI: Added _OSI(Linux-Dell-Video)
[    0.504010] ACPI: Added _OSI(Linux-Lenovo-NV-HDMI-Audio)
[    0.508010] ACPI: Added _OSI(Linux-HPI-Hybrid-Graphics)
[    0.516452] ACPI: Executed 1 blocks of module-level executable AML code
[    0.535319] ACPI: Interpreter enabled
[    0.536037] ACPI: (supports S0 S5)
[    0.540003] ACPI: Using IOAPIC for interrupt routing
[    0.544455] PCI: Using host bridge windows from ACPI; if necessary, use "pci=nocrs" and report a bug
[    0.548873] ACPI: Enabled 2 GPEs in block 00 to 07
[    0.580264] ACPI: PCI Root Bridge [PCI0] (domain 0000 [bus 00-ff])
[    0.584022] acpi PNP0A03:00: _OSC: OS supports [ASPM ClockPM Segments MSI]
[    0.592658] acpi PNP0A03:00: _OSC: not requesting OS control; OS requires [ExtendedConfig ASPM ClockPM MSI]
[    0.596036] acpi PNP0A03:00: fail to add MMCONFIG information, can't access extended PCI configuration space under this bridge.
[    0.605496] PCI host bridge to bus 0000:00
[    0.608014] pci_bus 0000:00: root bus resource [io  0x0000-0x0cf7 window]
[    0.612020] pci_bus 0000:00: root bus resource [io  0x0d00-0xffff window]
[    0.616028] pci_bus 0000:00: root bus resource [mem 0x000a0000-0x000bffff window]
[    0.620019] pci_bus 0000:00: root bus resource [mem 0x80000000-0xfdffffff window]
[    0.624012] pci_bus 0000:00: root bus resource [bus 00-ff]
[    0.649093] pci 0000:00:01.1: legacy IDE quirk: reg 0x10: [io  0x01f0-0x01f7]
[    0.652013] pci 0000:00:01.1: legacy IDE quirk: reg 0x14: [io  0x03f6]
[    0.656011] pci 0000:00:01.1: legacy IDE quirk: reg 0x18: [io  0x0170-0x0177]
[    0.660012] pci 0000:00:01.1: legacy IDE quirk: reg 0x1c: [io  0x0376]
[    0.719312] pci 0000:00:07.0: quirk: [io  0x4000-0x403f] claimed by PIIX4 ACPI
[    0.720092] pci 0000:00:07.0: quirk: [io  0x4100-0x410f] claimed by PIIX4 SMB
[    0.752676] ACPI: PCI Interrupt Link [LNKA] (IRQs 5 9 10 *11)
[    0.758059] ACPI: PCI Interrupt Link [LNKB] (IRQs 5 9 *10 11)
[    0.760546] ACPI: PCI Interrupt Link [LNKC] (IRQs 5 *9 10 11)
[    0.764729] ACPI: PCI Interrupt Link [LNKD] (IRQs 5 9 10 *11)
[    0.769885] SCSI subsystem initialized
[    0.776250] pci 0000:00:02.0: vgaarb: setting as boot VGA device
[    0.780000] pci 0000:00:02.0: vgaarb: VGA device added: decodes=io+mem,owns=io+mem,locks=none
[    0.780005] pci 0000:00:02.0: vgaarb: bridge control possible
[    0.784008] vgaarb: loaded
[    0.792218] ACPI: bus type USB registered
[    0.796057] usbcore: registered new interface driver usbfs
[    0.800104] usbcore: registered new interface driver hub
[    0.804009] usbcore: registered new device driver usb
[    0.812032] EDAC MC: Ver: 3.0.0
[    0.824666] PCI: Using ACPI for IRQ routing
[    0.833803] NetLabel: Initializing
[    0.836008] NetLabel:  domain hash size = 128
[    0.840006] NetLabel:  protocols = UNLABELED CIPSOv4 CALIPSO
[    0.844381] NetLabel:  unlabeled traffic allowed by default
[    0.853067] clocksource: Switched to clocksource kvm-clock
[    0.894905] VFS: Disk quotas dquot_6.6.0
[    0.894905] VFS: Dquot-cache hash table entries: 512 (order 0, 4096 bytes)
[    0.894905] AppArmor: AppArmor Filesystem Enabled
[    0.894905] pnp: PnP ACPI init
[    0.894905] pnp: PnP ACPI: found 3 devices
[    1.088455] clocksource: acpi_pm: mask: 0xffffff max_cycles: 0xffffff, max_idle_ns: 2085701024 ns
[    1.092369] NET: Registered protocol family 2
[    1.092369] IP idents hash table entries: 32768 (order: 6, 262144 bytes)
[    1.134640] TCP established hash table entries: 16384 (order: 5, 131072 bytes)
[    1.151912] TCP bind hash table entries: 16384 (order: 6, 262144 bytes)
[    1.169345] TCP: Hash tables configured (established 16384 bind 16384)
[    1.186423] UDP hash table entries: 1024 (order: 3, 32768 bytes)
[    1.198801] UDP-Lite hash table entries: 1024 (order: 3, 32768 bytes)
[    1.213935] NET: Registered protocol family 1
[    1.223698] pci 0000:00:00.0: Limiting direct PCI/PCI transfers
[    1.238123] pci 0000:00:01.0: Activating ISA DMA hang workarounds
[    1.252747] pci 0000:00:02.0: Video device with shadowed ROM at [mem 0x000c0000-0x000dffff]
[    1.270003] Unpacking initramfs...
[    1.882558] Freeing initrd memory: 20396K
[    2.496783] clocksource: tsc: mask: 0xffffffffffffffff max_cycles: 0x2a1126e309d, max_idle_ns: 440795258009 ns
[    2.515257] platform rtc_cmos: registered platform RTC device (no PNP device found)
[    2.530350] Scanning for low memory corruption every 60 seconds
[    2.539205] Initialise system trusted keyrings
[    2.545897] Key type blacklist registered
[    2.553284] workingset: timestamp_bits=36 max_order=19 bucket_order=0
[    2.568169] zbud: loaded
[    2.583649] squashfs: version 4.0 (2009/01/31) Phillip Lougher
[    2.601853] fuse init (API version 7.26)
[    2.662184] Key type asymmetric registered
[    2.675274] Asymmetric key parser 'x509' registered
[    2.688780] Block layer SCSI generic (bsg) driver version 0.4 loaded (major 246)
[    2.708635] io scheduler noop registered
[    2.719738] io scheduler deadline registered
[    2.731688] io scheduler cfq registered (default)
[    2.743781] ACPI: AC Adapter [AC] (off-line)
[    2.754614] input: Power Button as /devices/LNXSYSTM:00/LNXPWRBN:00/input/input0
[    2.768882] ACPI: Power Button [PWRF]
[    2.779147] input: Sleep Button as /devices/LNXSYSTM:00/LNXSLPBN:00/input/input1
[    2.791221] ACPI: Sleep Button [SLPF]
[    2.800989] Serial: 8250/16550 driver, 32 ports, IRQ sharing enabled
[    2.802988] ACPI: Battery Slot [BAT0] (battery present)
[    2.863372] 00:02: ttyS0 at I/O 0x3f8 (irq = 4, base_baud = 115200) is a 16550A
[    2.884655] Linux agpgart interface v0.103
[    2.906528] loop: module loaded
[    2.929621] scsi host0: ata_piix
[    2.940820] scsi host1: ata_piix
[    2.950485] ata1: PATA max UDMA/33 cmd 0x1f0 ctl 0x3f6 bmdma 0xd000 irq 14
[    2.967457] ata2: PATA max UDMA/33 cmd 0x170 ctl 0x376 bmdma 0xd008 irq 15
[    2.983977] tun: Universal TUN/TAP device driver, 1.6
[    2.998790] PPP generic driver version 2.4.2
[    3.010772] ehci_hcd: USB 2.0 'Enhanced' Host Controller (EHCI) Driver
[    3.027516] ehci-pci: EHCI PCI platform driver
[    3.040066] ehci-platform: EHCI generic platform driver
[    3.054288] ohci_hcd: USB 1.1 'Open' Host Controller (OHCI) Driver
[    3.069162] ohci-pci: OHCI PCI platform driver
[    3.081701] ohci-platform: OHCI generic platform driver
[    3.095038] uhci_hcd: USB Universal Host Controller Interface driver
[    3.107532] i8042: PNP: PS/2 Controller [PNP0303:PS2K,PNP0f03:PS2M] at 0x60,0x64 irq 1,12
[    3.133408] serio: i8042 KBD port at 0x60,0x64 irq 1
[    3.142945] serio: i8042 AUX port at 0x60,0x64 irq 12
[    3.153515] mousedev: PS/2 mouse device common for all mice
[    3.165207] input: AT Translated Set 2 keyboard as /devices/platform/i8042/serio0/input/input2
[    3.184174] rtc_cmos rtc_cmos: rtc core: registered rtc_cmos as rtc0
[    3.202781] rtc_cmos rtc_cmos: alarms up to one day, 114 bytes nvram
[    3.217158] i2c /dev entries driver
[    3.226298] device-mapper: uevent: version 1.0.3
[    3.238081] device-mapper: ioctl: 4.37.0-ioctl (2017-09-20) initialised: dm-devel@redhat.com
[    3.259559] ledtrig-cpu: registered to indicate activity on CPUs
[    3.274926] NET: Registered protocol family 10
[    3.311598] Segment Routing with IPv6
[    3.316498] NET: Registered protocol family 17
[    3.327342] Key type dns_resolver registered
[    3.336751] mce: Using 0 MCE banks
[    3.343443] RAS: Correctable Errors collector initialized.
[    3.353711] sched_clock: Marking stable (3353576404, 0)->(5387970953, -2034394549)
[    3.374005] registered taskstats version 1
[    3.381694] Loading compiled-in X.509 certificates
[    3.401144] Loaded X.509 cert 'Build time autogenerated kernel key: b5b26778eaa3ab3a4a6cee031137706e947d12ad'
[    3.425993] Loaded X.509 cert 'Canonical Ltd. Live Patch Signing: 14df34d1a87cf37625abec039ef2bf521249b969'
[    3.449016] Loaded X.509 cert 'Canonical Ltd. Kernel Module Signing: 88f752e560a1e0737e31163a466ad7b70a850c19'
[    3.473214] blacklist: Loading compiled-in revocation X.509 certificates
[    3.489521] Loaded X.509 cert 'Canonical Ltd. Secure Boot Signing: 61482aa2830d0ab2ad5af10b7250da9033ddcef0'
[    3.511270] Loaded X.509 cert 'Canonical Ltd. Secure Boot Signing (2017): 242ade75ac4a15e50d50c84b0d45ff3eae707a03'
[    3.529922] Loaded X.509 cert 'Canonical Ltd. Secure Boot Signing (ESM 2018): 365188c1d374d6b07c3c8f240f8ef722433d6a8b'
[    3.550570] Loaded X.509 cert 'Canonical Ltd. Secure Boot Signing (2019): c0746fd6c5da3ae827864651ad66ae47fe24b3e8'
[    3.568815] Loaded X.509 cert 'Canonical Ltd. Secure Boot Signing (2021 v1): a8d54bbb3825cfb94fa13c9f8a594a195c107b8d'
[    3.588674] Loaded X.509 cert 'Canonical Ltd. Secure Boot Signing (2021 v2): 4cf046892d6fd3c9a5b03f98d845f90851dc6a8c'
[    3.603666] Loaded X.509 cert 'Canonical Ltd. Secure Boot Signing (2021 v3): 100437bb6de6e469b581e61cd66bce3ef4ed53af'
[    3.617066] Loaded X.509 cert 'Canonical Ltd. Secure Boot Signing (Ubuntu Core 2019): c1d57b8f6b743f23ee41f4f7ee292f06eecadfb9'
[    3.632030] zswap: loaded using pool lzo/zbud
[    3.678001] Key type big_key registered
[    3.689728] Key type trusted registered
[    3.714690] Key type encrypted registered
[    3.725723] AppArmor: AppArmor sha1 policy hashing enabled
[    3.739505] ima: No TPM chip found, activating TPM-bypass! (rc=-19)
[    3.755123] ima: Allocated hash algorithm: sha1
[    3.766843] evm: HMAC attrs: 0x1
[    3.778761]   Magic number: 1:705:672
[    3.789755] rtc_cmos rtc_cmos: setting system clock to 2025-07-11 07:40:34 UTC (1752219634)
[    3.812668] BIOS EDD facility v0.16 2004-Jun-25, 0 devices found
[    3.828219] EDD information not available.
[    3.849199] Freeing unused kernel image memory: 2480K
[    3.876351] Write protecting the kernel read-only data: 20480k
[    3.895140] Freeing unused kernel image memory: 2008K
[    3.908393] Freeing unused kernel image memory: 1820K
[    3.932365] x86/mm: Checked W+X mappings: passed, no W+X pages found.
Loading, please wait...
starting version 237
[    4.175065] Fusion MPT base driver 3.04.20
[    4.187395] Copyright (c) 1999-2008 LSI Corporation
[    4.205369] e1000: Intel(R) PRO/1000 Network Driver - version 7.3.21-k8-NAPI
[    4.222296] e1000: Copyright (c) 1999-2006 Intel Corporation.
[    4.348751] Fusion MPT SPI Host driver 3.04.20
[    4.379552] SSE version of gcm_enc/dec engaged.
[    4.638789] input: ImExPS/2 Generic Explorer Mouse as /devices/platform/i8042/serio1/input/input4
[    5.660548] e1000 0000:00:03.0 eth0: (PCI:33MHz:32-bit) 02:3b:7b:b7:3b:2d
[    5.671323] e1000 0000:00:03.0 eth0: Intel(R) PRO/1000 Network Connection
[    5.689020] mptbase: ioc0: Initiating bringup
[    5.817165] ioc0: LSI53C1030 A0: Capabilities={Initiator}
[    6.105534] scsi host2: ioc0: LSI53C1030 A0, FwRev=00000000h, Ports=1, MaxQ=256, IRQ=20
[    6.297420] scsi 2:0:0:0: Direct-Access     VBOX     HARDDISK         1.0  PQ: 0 ANSI: 5
[    6.628847] scsi target2:0:0: Beginning Domain Validation
[    6.647024] scsi target2:0:0: Domain Validation skipping write tests
[    6.654245] scsi target2:0:0: Ending Domain Validation
[    6.667061] scsi target2:0:0: asynchronous
[    6.685422] scsi 2:0:1:0: Direct-Access     VBOX     HARDDISK         1.0  PQ: 0 ANSI: 5
[    7.088862] scsi target2:0:1: Beginning Domain Validation
[    7.112142] scsi target2:0:1: Domain Validation skipping write tests
[    7.121173] scsi target2:0:1: Ending Domain Validation
[    7.129175] scsi target2:0:1: asynchronous
[    7.169011] sd 2:0:0:0: Attached scsi generic sg0 type 0
[    7.181282] sd 2:0:1:0: Attached scsi generic sg1 type 0
[    7.183775] sd 2:0:0:0: [sda] 83886080 512-byte logical blocks: (42.9 GB/40.0 GiB)
[    7.207707] sd 2:0:1:0: [sdb] 20480 512-byte logical blocks: (10.5 MB/10.0 MiB)
[    7.227918] sd 2:0:1:0: [sdb] Write Protect is off
[    7.241292] sd 2:0:1:0: [sdb] Incomplete mode parameter data
[    7.253583] sd 2:0:1:0: [sdb] Assuming drive cache: write through
[    7.267091] sd 2:0:0:0: [sda] Write Protect is off
[    7.279434] sd 2:0:0:0: [sda] Incomplete mode parameter data
[    7.288260] sd 2:0:0:0: [sda] Assuming drive cache: write through
[    7.314643]  sda: sda1
[    7.333727] sd 2:0:1:0: [sdb] Attached SCSI disk
[    7.346964] sd 2:0:0:0: [sda] Attached SCSI disk
[    7.685075] e1000 0000:00:08.0 eth1: (PCI:33MHz:32-bit) 08:00:27:d3:d3:cd
[    7.697782] e1000 0000:00:08.0 eth1: Intel(R) PRO/1000 Network Connection
[    7.717944] e1000 0000:00:08.0 enp0s8: renamed from eth1
[    7.836636] e1000 0000:00:03.0 enp0s3: renamed from eth0
Begin: Loading essential drivers ... [   11.000323] raid6: sse2x1   gen()  6527 MB/s
[   11.053177] raid6: sse2x1   xor()  3967 MB/s
[   11.108631] raid6: sse2x2   gen()  7094 MB/s
[   11.164344] raid6: sse2x2   xor()  3973 MB/s
[   11.216601] raid6: sse2x4   gen()  7760 MB/s
[   11.272211] raid6: sse2x4   xor()  3857 MB/s
[   11.283182] raid6: using algorithm sse2x4 gen() 7760 MB/s
[   11.292939] raid6: .... xor() 3857 MB/s, rmw enabled
[   11.300730] raid6: using ssse3x2 recovery algorithm
[   11.313159] xor: measuring software checksum speed
[   15.870209]    prefetch64-sse: 2113784.000 MB/sec
[   15.984002]    generic_sse: 30393.000 MB/sec
[   15.991866] xor: using function: prefetch64-sse (2113784.000 MB/sec)
[   16.009564] async_tx: api initialized (async)
done.
Begin: Running /scripts/init-premount ... done.
Begin: Mounting root file system ... Begin: Running /scripts/local-top ... done.
Begin: Running /scripts/local-premount ... [   16.188921] Btrfs loaded, crc32c=crc32c-intel
Scanning for Btrfs filesystems
done.
Begin: Will now check root file system ... fsck from util-linux 2.31.1
[/sbin/fsck.ext4 (1) -- /dev/sda1] fsck.ext4 -a -C0 /dev/sda1 
cloudimg-rootfs: clean, 93425/5120000 files, 1131500/10485499 blocks
done.
[   16.372400] EXT4-fs (sda1): mounted filesystem with ordered data mode. Opts: (null)
done.
Begin: Running /scripts/local-bottom ... done.
Begin: Running /scripts/init-bottom ... done.
[   16.882136] ip_tables: (C) 2000-2006 Netfilter Core Team
[   16.931535] systemd[1]: systemd 237 running in system mode. (+PAM +AUDIT +SELINUX +IMA +APPARMOR +SMACK +SYSVINIT +UTMP +LIBCRYPTSETUP +GCRYPT +GNUTLS +ACL +XZ +LZ4 +SECCOMP +BLKID +ELFUTILS +KMOD -IDN2 +IDN -PCRE2 default-hierarchy=hybrid)
[   16.970575] systemd[1]: Detected virtualization oracle.
[   16.980722] systemd[1]: Detected architecture x86-64.

Welcome to [1mUbuntu 18.04.6 LTS[0m!

[   17.079469] systemd[1]: Set hostname to <jenkins>.
[   17.825307] systemd[1]: Created slice System Slice.
[[0;32m  OK  [0m] Created slice System Slice.
[   17.843845] systemd[1]: Listening on Syslog Socket.
[[0;32m  OK  [0m] Listening on Syslog Socket.
[   17.859225] systemd[1]: Listening on Journal Socket (/dev/log).
[[0;32m  OK  [0m] Listening on Journal Socket (/dev/log).
[   17.877918] systemd[1]: Created slice User and Session Slice.
[[0;32m  OK  [0m] Created slice User and Session Slice.
[   17.894495] systemd[1]: Listening on Journal Socket.
[[0;32m  OK  [0m] Listening on Journal Socket.
[   17.909756] systemd[1]: Reached target Slices.
[[0;32m  OK  [0m] Reached target Slices.
         Mounting Kernel Debug File System...
[[0;32m  OK  [0m] Reached target System Time Synchronized.
[[0;32m  OK  [0m] Reached target Swap.
         Starting Load Kernel Modules...
[[0;32m  OK  [0m] Reached target Mounting snaps.
[[0;32m  OK  [0m] Reached target Mounted snaps.
         Starting Set the console keyboard layout...
[[0;32m  OK  [0m] Listening on LVM2 poll daemon socket.
[[0;32m  OK  [0m] Started Forward Password Requests to Wall Directory Watch.
[[0;32m  OK  [0m] Set up automount Arbitrary Executab…rmats File System Automount Point.
[[0;32m  OK  [0m] Listening on Network Service Netlink Socket.
[[0;32m  OK  [0m] Listening on udev Control Socket.
[[0;32m  OK  [0m] Listening on udev Kernel Socket.[   18.082621] Loading iSCSI transport class v2.0-870.

         Starting udev Coldplug all Devices...
         Starting Create list of required st…ce nodes for the current kernel...
[[0;32m  OK  [0m] Created slice system-serial\x2dgetty.slice.[   18.220647] iscsi: registered transport (tcp)

[[0;32m  OK  [0m] Reached target User and Group Name Lookups.
         Mounting POSIX Message Queue File System...
[[0;32m  OK  [0m] Listening on /dev/initctl Compatibility Named Pipe.
[[0;32m  OK  [0m] Listening on Device-mapper event daemon FIFOs.
[[0;32m  OK  [0m] Listening on LVM2 metadata daemon socket.
         Starting Monitoring of LVM2 mirrors…ng dmeventd or progress polling...
[[0;32m  OK  [0m] Listening on Journal Audit Socket.
[[0;32m  OK  [0m] Listening on fsck to fsckd communication Socket.
         Starting Remount Root and Kernel File Systems...
         Starting Uncomplicated firewall...
         Mounting Huge Pages File System...
         Starting Journal Service...
[[0;32m  OK  [0m] Mounted Kernel Debug File System.[   18.738194] iscsi: registered transport (iser)

[[0;32m  OK  [0m] Started Create list of required sta…vice nodes for the current kernel.
[[0;32m  OK  [0m] Mounted POSIX Message Queue File System.[   18.792051] EXT4-fs (sda1): re-mounted. Opts: (null)

[[0;32m  OK  [0m] Started Load Kernel Modules.
[[0;32m  OK  [0m] Started Uncomplicated firewall.
[[0;32m  OK  [0m] Started Remount Root and Kernel File Systems.
[[0;32m  OK  [0m] Mounted Huge Pages File System.
[[0;32m  OK  [0m] Started LVM2 metadata daemon.
         Starting Load/Save Random Seed...
         Starting Apply Kernel Variables...
         Mounting FUSE Control File System...
         Mounting Kernel Configuration File System...
         Starting Create Static Device Nodes in /dev...
[[0;32m  OK  [0m] Started udev Coldplug all Devices.
[[0;32m  OK  [0m] Mounted FUSE Control File System.
[[0;32m  OK  [0m] Mounted Kernel Configuration File System.
[[0;32m  OK  [0m] Started Load/Save Random Seed.
[[0;32m  OK  [0m] Started Apply Kernel Variables.
[[0;32m  OK  [0m] Started Monitoring of LVM2 mirrors,…sing dmeventd or progress polling.
[[0;32m  OK  [0m] Started Create Static Device Nodes in /dev.
         Starting udev Kernel Device Manager...
[[0;32m  OK  [0m] Started Journal Service.
         Starting Flush Journal to Persistent Storage...
[[0;32m  OK  [0m] Started Set the console keyboard layout.
[[0;32m  OK  [0m] Reached target Local File Systems (Pre).
[[0;32m  OK  [0m] Reached target Local File Systems.
         Starting AppArmor initialization...
         Starting Set console font and keymap...
         Starting Tell Plymouth To Write Out Runtime Data...
         Starting ebtables ruleset management...
[[0;32m  OK  [0m] Started Set console font and keymap.
[[0;32m  OK  [0m] Started Tell Plymouth To Write Out Runtime Data.
[[0;32m  OK  [0m] Started udev Kernel Device Manager.
[[0;32m  OK  [0m] Started Dispatch Password Requests to Console Directory Watch.
[[0;32m  OK  [0m] Reached target Local Encrypted Volumes.
[[0;32m  OK  [0m] Started Flush Journal to Persistent Storage.
         Starting Create Volatile Files and Directories...
[[0;32m  OK  [0m] Started ebtables ruleset management.
[[0;32m  OK  [0m] Started Create Volatile Files and Directories.
         Starting Update UTMP about System Boot/Shutdown...
[[0;32m  OK  [0m] Started Update UTMP about System Boot/Shutdown.
[[0;32m  OK  [0m] Found device /dev/ttyS0.
[[0;32m  OK  [0m] Listening on Load/Save RF Kill Switch Status /dev/rfkill Watch.
[[0;32m  OK  [0m] Started AppArmor initialization.
         Starting Initial cloud-init job (pre-networking)...
         Starting Load AppArmor profiles managed internally by snapd...
         Mounting Arbitrary Executable File Formats File System...
[[0;32m  OK  [0m] Mounted Arbitrary Executable File Formats File System.
[[0;32m  OK  [0m] Started Load AppArmor profiles managed internally by snapd.
[   24.010753] cloud-init[562]: Cloud-init v. 23.1.2-0ubuntu0~18.04.1 running 'init-local' at Fri, 11 Jul 2025 07:40:54 +0000. Up 23.56 seconds.
[[0;32m  OK  [0m] Started Initial cloud-init job (pre-networking).
[[0;32m  OK  [0m] Reached target Network (Pre).
         Starting Network Service...
[[0;32m  OK  [0m] Started Network Service.
         Starting Network Name Resolution...
         Starting Wait for Network to be Configured...
[[0;32m  OK  [0m] Started Network Name Resolution.
[[0;32m  OK  [0m] Reached target Host and Network Name Lookups.
[[0;32m  OK  [0m] Reached target Network.
[[0;32m  OK  [0m] Started Wait for Network to be Configured.
         Starting Initial cloud-init job (metadata service crawler)...
[   27.525809] cloud-init[686]: Cloud-init v. 23.1.2-0ubuntu0~18.04.1 running 'init' at Fri, 11 Jul 2025 07:40:57 +0000. Up 27.19 seconds.
[   27.541548] cloud-init[686]: ci-info: +++++++++++++++++++++++++++++++++++++++++++Net device info++++++++++++++++++++++++++++++++++++++++++++
[   27.552998] cloud-init[686]: ci-info: +--------+------+---------------------------------------+---------------+--------+-------------------+
[   27.563351] cloud-init[686]: ci-info: | Device |  Up  |                Address                |      Mask     | Scope  |     Hw-Address    |
[   27.574522] cloud-init[686]: ci-info: +--------+------+---------------------------------------+---------------+--------+-------------------+
[   27.583461] cloud-init[686]: ci-info: | enp0s3 | True |               10.0.2.15               | 255.255.255.0 | global | 02:3b:7b:b7:3b:2d |
[   27.592616] cloud-init[686]: ci-info: | enp0s3 | True | fd17:625c:f037:2:3b:7bff:feb7:3b2d/64 |       .       | global | 02:3b:7b:b7:3b:2d |
[   27.602315] cloud-init[686]: ci-info: | enp0s3 | True |       fe80::3b:7bff:feb7:3b2d/64      |       .       |  link  | 02:3b:7b:b7:3b:2d |
[   27.612449] cloud-init[686]: ci-info: | enp0s8 | True |             192.168.44.102            | 255.255.255.0 | global | 08:00:27:d3:d3:cd |
[   27.622896] cloud-init[686]: ci-info: | enp0s8 | True |      fe80::a00:27ff:fed3:d3cd/64      |       .       |  link  | 08:00:27:d3:d3:cd |
[   27.634184] cloud-init[686]: ci-info: |   lo   | True |               127.0.0.1               |   255.0.0.0   |  host  |         .         |
[   27.644805] cloud-init[686]: ci-info: |   lo   | True |                ::1/128                |       .       |  host  |         .         |
[   27.654801] cloud-init[686]: ci-info: +--------+------+---------------------------------------+---------------+--------+-------------------+
[   27.662785] cloud-init[686]: ci-info: +++++++++++++++++++++++++++++Route IPv4 info+++++++++++++++++++++++++++++
[   27.670169] cloud-init[686]: ci-info: +-------+--------------+----------+-----------------+-----------+-------+
[   27.677173] cloud-init[686]: ci-info: | Route | Destination  | Gateway  |     Genmask     | Interface | Flags |
[   27.685118] cloud-init[686]: ci-info: +-------+--------------+----------+-----------------+-----------+-------+
[   27.693941] cloud-init[686]: ci-info: |   0   |   0.0.0.0    | 10.0.2.2 |     0.0.0.0     |   enp0s3  |   UG  |
[   27.702622] cloud-init[686]: ci-info: |   1   |   10.0.2.0   | 0.0.0.0  |  255.255.255.0  |   enp0s3  |   U   |
[   27.711597] cloud-init[686]: ci-info: |   2   |   10.0.2.2   | 0.0.0.0  | 255.255.255.255 |   enp0s3  |   UH  |
[   27.721033] cloud-init[686]: ci-info: |   3   | 192.168.44.0 | 0.0.0.0  |  255.255.255.0  |   enp0s8  |   U   |
[   27.728964] cloud-init[686]: ci-info: +-------+--------------+----------+-----------------+-----------+-------+
[   27.737676] cloud-init[686]: ci-info: ++++++++++++++++++++++++Route IPv6 info++++++++++++++++++++++++
[   27.745186] cloud-init[686]: ci-info: +-------+-----------------------+---------+-----------+-------+
[   27.752050] cloud-init[686]: ci-info: | Route |      Destination      | Gateway | Interface | Flags |
[   27.760035] cloud-init[686]: ci-info: +-------+-----------------------+---------+-----------+-------+
[   27.768782] cloud-init[686]: ci-info: |   1   | fd17:625c:f037:2::/64 |    ::   |   enp0s3  |   U   |
[   27.777056] cloud-init[686]: ci-info: |   2   |       fe80::/64       |    ::   |   enp0s8  |   U   |
[   27.784927] cloud-init[686]: ci-info: |   3   |       fe80::/64       |    ::   |   enp0s3  |   U   |
[   27.791283] cloud-init[686]: ci-info: |   4   |          ::/0         | fe80::2 |   enp0s3  |   UG  |
[   27.798499] cloud-init[686]: ci-info: |   6   |         local         |    ::   |   enp0s3  |   U   |
[   27.807345] cloud-init[686]: ci-info: |   7   |         local         |    ::   |   enp0s3  |   U   |
[   27.814296] cloud-init[686]: ci-info: |   8   |         local         |    ::   |   enp0s8  |   U   |
[   27.818968] cloud-init[686]: ci-info: |   9   |        ff00::/8       |    ::   |   enp0s8  |   U   |
[   27.822251] cloud-init[686]: ci-info: |   10  |        ff00::/8       |    ::   |   enp0s3  |   U   |
[   27.829531] cloud-init[686]: ci-info: +-------+-----------------------+---------+-----------+-------+
[[0;32m  OK  [0m] Started Initial cloud-init job (metadata service crawler).
[[0;32m  OK  [0m] Reached target System Initialization.
[[0;32m  OK  [0m] Listening on Open-iSCSI iscsid Socket.
[[0;32m  OK  [0m] Listening on UUID daemon activation socket.
         Starting Docker Socket for the API.
[[0;32m  OK  [0m] Listening on cloud-init hotplug hook socket.
[[0;32m  OK  [0m] Started Daily apt download activities.
[[0;32m  OK  [0m] Started ACPI Events Check.
[[0;32m  OK  [0m] Started Daily apt upgrade and clean activities.
[[0;32m  OK  [0m] Started Daily Cleanup of Temporary Directories.
[[0;32m  OK  [0m] Listening on D-Bus System Message Bus Socket.
[[0;32m  OK  [0m] Started Discard unused blocks once a week.
         Starting LXD - unix socket.
[[0;32m  OK  [0m] Started Ubuntu Advantage Timer for running repeated jobs.
[[0;32m  OK  [0m] Reached target Paths.
         Starting Socket activation for snappy daemon.
[[0;32m  OK  [0m] Started Message of the Day.
[[0;32m  OK  [0m] Reached target Timers.
[[0;32m  OK  [0m] Listening on ACPID Listen Socket.
[[0;32m  OK  [0m] Reached target Network is Online.
         Starting Availability of block devices...
[[0;32m  OK  [0m] Reached target Remote File Systems (Pre).
         Mounting /vagrant...
         Mounting /keys/web...
[[0;32m  OK  [0m] Reached target Cloud-config availability.
[[0;32m  OK  [0m] Listening on Docker Socket for the API.
[[0;32m  OK  [0m] Listening on LXD - unix socket.
[[0;32m  OK  [0m] Listening on Socket activation for snappy daemon.
[[0;32m  OK  [0m] Started Availability of block devices.
[[0;32m  OK  [0m] Mounted /vagrant.
[[0;32m  OK  [0m] Mounted /keys/web.
[[0;32m  OK  [0m] Reached target Remote File Systems.
[[0;32m  OK  [0m] Reached target Sockets.
[[0;32m  OK  [0m] Reached target Basic System.
[[0;32m  OK  [0m] Started FUSE filesystem for LXC.
         Starting Virtualbox guest utils...
[[0;32m  OK  [0m] Reached target Login Prompts (Pre).
[[0;32m  OK  [0m] Started Deferred execution scheduler.
         Starting LSB: automatic crash report generation...
[[0;32m  OK  [0m] Started D-Bus System Message Bus.
         Starting Snap Daemon...
         Starting Dispatcher daemon for systemd-networkd...
         Starting LXD - container startup/shutdown...
[[0;32m  OK  [0m] Started Regular background program processing daemon.
         Starting Login Service...
         Starting Message of the Day...
         Starting OpenBSD Secure Shell server...
         Starting LSB: Record successful boot for GRUB...
         Starting Permit User Sessions...
[[0;32m  OK  [0m] Started irqbalance daemon.
         Starting containerd container runtime...
         Starting Accounts Service...
         Starting System Logging Service...
[[0;32m  OK  [0m] Started System Logging Service.
[[0;32m  OK  [0m] Started Permit User Sessions.
[[0;32m  OK  [0m] Started Login Service.
[[0;32m  OK  [0m] Started Unattended Upgrades Shutdown.
         Starting Terminate Plymouth Boot Screen...
         Starting Hold until boot process finishes up...
         Starting Hostname Service...
[[0;32m  OK  [0m] Started Hold until boot process finishes up.
         Starting Set console scheme...
[[0;32m  OK  [0m] Started Serial Getty on ttyS0.
[[0;32m  OK  [0m] Started OpenBSD Secure Shell server.
[[0;32m  OK  [0m] Started Terminate Plymouth Boot Screen.
[[0;32m  OK  [0m] Started Set console scheme.
[[0;32m  OK  [0m] Created slice system-getty.slice.
[[0;32m  OK  [0m] Started Getty on tty1.
[[0;32m  OK  [0m] Reached target Login Prompts.
         Starting Authorization Manager...
[[0;32m  OK  [0m] Started Hostname Service.
[[0;32m  OK  [0m] Started LSB: automatic crash report generation.
[[0;32m  OK  [0m] Started LSB: Record successful boot for GRUB.
[[0;32m  OK  [0m] Started LXD - container startup/shutdown.
[[0;32m  OK  [0m] Started Authorization Manager.
[[0;32m  OK  [0m] Started Virtualbox guest utils.
[[0;32m  OK  [0m] Started Accounts Service.
[[0;32m  OK  [0m] Created slice User Slice of vagrant.
         Starting User Manager for UID 1000...
[[0;32m  OK  [0m] Started Session 1 of user vagrant.
[[0;32m  OK  [0m] Started Dispatcher daemon for systemd-networkd.
[[0;32m  OK  [0m] Started User Manager for UID 1000.
[[0;32m  OK  [0m] Started Snap Daemon.
         Starting Wait until snapd is fully seeded...
         Starting Time & Date Service...
[[0;32m  OK  [0m] Started Time & Date Service.
[[0;32m  OK  [0m] Started Wait until snapd is fully seeded.
         Starting Apply the settings specified in cloud-config...
[[0;32m  OK  [0m] Started containerd container runtime.
         Starting Docker Application Container Engine...

Ubuntu 18.04.6 LTS jenkins ttyS0

jenkins login: [   36.801313] cloud-[[0;32m  OK  [0m] Stopped Unattended Upgrades Shutdown.
         Stopping Availability of block devices...
         Stopping Session 4 of user vagrant.
         Stopping Authorization Manager...
[[0;32m  OK  [[0;32m  OK  [0m] Stopped Unattended Upgrades Shutdown.
         Stopping Session 4 of user vagrant.
[[0;32m  OK  [0m] Closed Load/Save RF Kill Switch Status /dev/rfkill Watch.
[[0;32m  OK  [0m] Stopped target Graphical Interface.
         Stopping Authorization Manager...
[[0;32m  OK  [0m] Stopped target Cloud-init target.
         Stopping Availability of block devices...
[[0;32m  OK  [0m] Stopped target Host and Network Name Lookups.
         Stopping Accounts Service...
[[0;32m  OK  [0m] Stopped target Timers.
[[0;32m  OK  [0m] Stopped Message of the Day.
[[0;32m  OK  [0m] Stopped Daily apt upgrade and clean activities.
[[0;32m  OK  [0m] Stopped Daily Cleanup of Temporary Directories.
[[0;32m  OK  [0m] Stopped Daily apt download activities.
[[0;32m  OK  [0m] Stopped Ubuntu Advantage Timer for running repeated jobs.
[[0;32m  OK  [0m] Stopped Discard unused blocks once a week.
[[0;32m  OK  [0m] Stopped target System Time Synchronized.
[[0;32m  OK  [0m] Stopped Execute cloud user/final scripts.
[[0;32m  OK  [0m] Stopped target Multi-User System.
         Stopping Regular background program processing daemon...
         Stopping Deferred execution scheduler...
         Stopping System Logging Service...
         Stopping Virtualbox guest utils...
[[0;32m  OK  [0m] Stopped target Login Prompts.
         Stopping Getty on tty1...
         Stopping Serial Getty on ttyS0...
         Stopping Dispatcher daemon for systemd-networkd...
         Stopping OpenBSD Secure Shell server...
         Stopping LSB: Record successful boot for GRUB...
[[0;32m  OK  [0m] Stopped Apply the settings specified in cloud-config.
[[0;32m  OK  [0m] Stopped Wait until snapd is fully seeded.
[[0;32m  OK  [0m] Stopped target Cloud-config availability.
         Stopping User Manager for UID 1000...
         Stopping LSB: automatic crash report generation...
         Stopping FUSE filesystem for LXC...
         Stopping LXD - container startup/shutdown...
         Stopping D-Bus System Message Bus...
[[0;32m  OK  [0m] Unmounted /var/lib/lxcfs.
[[0;32m  OK  [0m] Stopped System Logging Service.
[[0;32m  OK  [0m] Stopped Regular background program processing daemon.
[[0;32m  OK  [0m] Stopped Accounts Service.
[[0;32m  OK  [0m] Stopped Dispatcher daemon for systemd-networkd.
[[0;32m  OK  [0m] Stopped Deferred execution scheduler.
[[0;32m  OK  [0m] Stopped Authorization Manager.
[[0;32m  OK  [0m] Stopped Serial Getty on ttyS0.
[[0;32m  OK  [0m] Stopped OpenBSD Secure Shell server.
[[0;32m  OK  [0m] Stopped Getty on tty1.
[[0;32m  OK  [0m] Stopped User Manager for UID 1000.
[[0;32m  OK  [0m] Stopped Availability of block devices.
[[0;32m  OK  [0m] Stopped D-Bus System Message Bus.
[[0;32m  OK  [0m] Stopped FUSE filesystem for LXC.
[[0;32m  OK  [0m] Stopped Session 4 of user vagrant.
[[0;32m  OK  [0m] Stopped LXD - container startup/shutdown.
[[0;32m  OK  [0m] Removed slice User Slice of vagrant.
         Stopping Login Service...
[[0;32m  OK  [0m] Removed slice system-getty.slice.
[[0;32m  OK  [0m] Stopped target Login Prompts (Pre).
[[0;32m  OK  [0m] Removed slice system-serial\x2dgetty.slice.
         Stopping Permit User Sessions...
[[0;32m  OK  [0m] Stopped Login Service.
[[0;32m  OK  [0m] Stopped LSB: Record successful boot for GRUB.
[[0;32m  OK  [0m] Stopped LSB: automatic crash report generation.
[[0;32m  OK  [0m] Stopped Permit User Sessions.
[[0;32m  OK  [0m] Stopped target Remote File Systems.
         Unmounting /vagrant...
         Unmounting /keys/jenkins...
         Unmounting /keys/web...
         Unmounting /playbooks...
[[0;32m  OK  [0m] Stopped target User and Group Name Lookups.
[[0;32m  OK  [0m] Stopped Virtualbox guest utils.
[[0;32m  OK  [0m] Stopped target Basic System.
[[0;32m  OK  [0m] Stopped target Sockets.
[[0;32m  OK  [0m] Closed D-Bus System Message Bus Socket.
[[0;32m  OK  [0m] Closed ACPID Listen Socket.
[[0;32m  OK  [0m] Closed Socket activation for snappy daemon.
[[0;32m  OK  [0m] Closed Open-iSCSI iscsid Socket.
[[0;32m  OK  [0m] Closed UUID daemon activation socket.
[[0;32m  OK  [0m] Closed Syslog Socket.
[[0;32m  OK  [0m] Closed cloud-init hotplug hook socket.
[[0;32m  OK  [0m] Closed LXD - unix socket.
[[0;32m  OK  [0m] Stopped target Slices.
[[0;32m  OK  [0m] Removed slice User and Session Slice.
[[0;32m  OK  [0m] Stopped target Paths.
[[0;32m  OK  [0m] Stopped ACPI Events Check.
[[0;32m  OK  [0m] Stopped target System Initialization.
[[0;32m  OK  [0m] Stopped target Local Encrypted Volumes.
[[0;32m  OK  [0m] Stopped Dispatch Password Requests to Console Directory Watch.
         Stopping Load/Save Random Seed...
         Stopping Update UTMP about System Boot/Shutdown...
[[0;32m  OK  [0m] Stopped Forward Password Requests to Wall Directory Watch.
[[0;32m  OK  [0m] Unmounted /vagrant.
[[0;32m  OK  [0m] Unmounted /keys/jenkins.
[[0;32m  OK  [0m] Unmounted /keys/web.
[[0;32m  OK  [0m] Unmounted /playbooks.
[[0;32m  OK  [0m] Stopped Load/Save Random Seed.
[[0;32m  OK  [0m] Stopped target Remote File Systems (Pre).
[[0;32m  OK  [0m] Stopped target Network is Online.
[[0;32m  OK  [0m] Stopped Initial cloud-init job (metadata service crawler).
[[0;32m  OK  [0m] Stopped target Network.
         Stopping Network Name Resolution...
[[0;32m  OK  [0m] Stopped Network Name Resolution.
[[0;32m  OK  [0m] Stopped Update UTMP about System Boot/Shutdown.
[[0;32m  OK  [0m] Stopped Create Volatile Files and Directories.
[[0;32m  OK  [0m] Stopped target Local File Systems.
[[0;32m  OK  [0m] Stopped target Mounted snaps.
[[0;32m  OK  [0m] Stopped target Mounting snaps.
         Unmounting /run/user/1000...
         Stopping Network Service...
[[0;32m  OK  [0m] Unmounted /run/user/1000.
[[0;32m  OK  [0m] Reached target Unmount All Filesystems.
[[0;32m  OK  [0m] Stopped target Swap.
[[0;32m  OK  [0m] Stopped target Local File Systems (Pre).
         Stopping Monitoring of LVM2 mirrors…ng dmeventd or progress polling...
[[0;32m  OK  [0m] Stopped Create Static Device Nodes in /dev.
[[0;32m  OK  [0m] Stopped Network Service.
[[0;32m  OK  [0m] Stopped Apply Kernel Variables.
[[0;32m  OK  [0m] Stopped Load Kernel Modules.
[[0;32m  OK  [0m] Stopped target Network (Pre).
[[0;32m  OK  [0m] Stopped Initial cloud-init job (pre-networking).
[[0;32m  OK  [0m] Stopped Remount Root and Kernel File Systems.
[[0;32m  OK  [0m] Reached target Shutdown.
[[0;32m  OK  [0m] Reached target Final Step.
         Starting Power-Off...
[[0;32m  OK  [0m] Stopped Monitoring of LVM2 mirrors,…sing dmeventd or progress polling.
         Stopping LVM2 metadata daemon...
[[0;32m  OK  [0m] Stopped LVM2 metadata daemon.
[ 2532.258957] reboot: Power down
0;32m  OK  [0m] Reached target Final Step.
         Starting Power-Off...
[ 2397.621348] reboot: Power down
