[    0.000000] Linux version 4.15.0-212-generic (buildd@lcy02-amd64-083) (gcc version 7.5.0 (Ubuntu 7.5.0-3ubuntu1~18.04)) #223-Ubuntu SMP Tue May 23 13:09:22 UTC 2023 (Ubuntu 4.15.0-212.223-generic 4.15.18)
[    0.000000] Command line: BOOT_IMAGE=/boot/vmlinuz-4.15.0-212-generic root=LABEL=cloudimg-rootfs ro console=tty1 console=ttyS0
[    0.000000] KERNEL supported cpus:
[    0.000000]   Intel GenuineIntel
[    0.000000]   AMD AuthenticAMD
[    0.000000]   Centaur CentaurHauls
[    0.000000] x86/fpu: x87 FPU will use FXSAVE
[    0.000000] e820: BIOS-provided physical RAM map:
[    0.000000] BIOS-e820: [mem 0x0000000000000000-0x000000000009fbff] usable
[    0.000000] BIOS-e820: [mem 0x000000000009fc00-0x000000000009ffff] reserved
[    0.000000] BIOS-e820: [mem 0x00000000000f0000-0x00000000000fffff] reserved
[    0.000000] BIOS-e820: [mem 0x0000000000100000-0x000000007ffeffff] usable
[    0.000000] BIOS-e820: [mem 0x000000007fff0000-0x000000007fffffff] ACPI data
[    0.000000] BIOS-e820: [mem 0x00000000fec00000-0x00000000fec00fff] reserved
[    0.000000] BIOS-e820: [mem 0x00000000fee00000-0x00000000fee00fff] reserved
[    0.000000] BIOS-e820: [mem 0x00000000fffc0000-0x00000000ffffffff] reserved
[    0.000000] NX (Execute Disable) protection: active
[    0.000000] SMBIOS 2.5 present.
[    0.000000] DMI: innotek GmbH VirtualBox/VirtualBox, BIOS VirtualBox 12/01/2006
[    0.000000] Hypervisor detected: KVM
[    0.000000] e820: last_pfn = 0x7fff0 max_arch_pfn = 0x400000000
[    0.000000] x86/PAT: Configuration [0-7]: WB  WC  UC- UC  WB  WP  UC- WT  
[    0.000000] CPU MTRRs all blank - virtualized system.
[    0.000000] found SMP MP-table at [mem 0x0009fbf0-0x0009fbff]
[    0.000000] Scanning 1 areas for low memory corruption
[    0.000000] RAMDISK: [mem 0x35819000-0x36c03fff]
[    0.000000] ACPI: Early table checksum verification disabled
[    0.000000] ACPI: RSDP 0x00000000000E0000 000024 (v02 VBOX  )
[    0.000000] ACPI: XSDT 0x000000007FFF0030 00003C (v01 VBOX   VBOXXSDT 00000001 ASL  00000061)
[    0.000000] ACPI: FACP 0x000000007FFF00F0 0000F4 (v04 VBOX   VBOXFACP 00000001 ASL  00000061)
[    0.000000] ACPI: DSDT 0x000000007FFF0610 002353 (v02 VBOX   VBOXBIOS 00000002 INTL 20100528)
[    0.000000] ACPI: FACS 0x000000007FFF0200 000040
[    0.000000] ACPI: FACS 0x000000007FFF0200 000040
[    0.000000] ACPI: APIC 0x000000007FFF0240 00005C (v02 VBOX   VBOXAPIC 00000001 ASL  00000061)
[    0.000000] ACPI: SSDT 0x000000007FFF02A0 00036C (v01 VBOX   VBOXCPUT 00000002 INTL 20100528)
[    0.000000] ACPI: Reserving FACP table memory at [mem 0x7fff00f0-0x7fff01e3]
[    0.000000] ACPI: Reserving DSDT table memory at [mem 0x7fff0610-0x7fff2962]
[    0.000000] ACPI: Reserving FACS table memory at [mem 0x7fff0200-0x7fff023f]
[    0.000000] ACPI: Reserving FACS table memory at [mem 0x7fff0200-0x7fff023f]
[    0.000000] ACPI: Reserving APIC table memory at [mem 0x7fff0240-0x7fff029b]
[    0.000000] ACPI: Reserving SSDT table memory at [mem 0x7fff02a0-0x7fff060b]
[    0.000000] No NUMA configuration found
[    0.000000] Faking a node at [mem 0x0000000000000000-0x000000007ffeffff]
[    0.000000] NODE_DATA(0) allocated [mem 0x7ffc5000-0x7ffeffff]
[    0.000000] kvm-clock: cpu 0, msr 0:7ff44001, primary cpu clock
[    0.000000] kvm-clock: Using msrs 4b564d01 and 4b564d00
[    0.000000] kvm-clock: using sched offset of 5272693827 cycles
[    0.000000] clocksource: kvm-clock: mask: 0xffffffffffffffff max_cycles: 0x1cd42e4dffb, max_idle_ns: 881590591483 ns
[    0.000000] Zone ranges:
[    0.000000]   DMA      [mem 0x0000000000001000-0x0000000000ffffff]
[    0.000000]   DMA32    [mem 0x0000000001000000-0x000000007ffeffff]
[    0.000000]   Normal   empty
[    0.000000]   Device   empty
[    0.000000] Movable zone start for each node
[    0.000000] Early memory node ranges
[    0.000000]   node   0: [mem 0x0000000000001000-0x000000000009efff]
[    0.000000]   node   0: [mem 0x0000000000100000-0x000000007ffeffff]
[    0.000000] Reserved but unavailable: 104 pages
[    0.000000] Initmem setup node 0 [mem 0x0000000000001000-0x000000007ffeffff]
[    0.000000] ACPI: PM-Timer IO Port: 0x4008
[    0.000000] IOAPIC[0]: apic_id 2, version 32, address 0xfec00000, GSI 0-23
[    0.000000] ACPI: INT_SRC_OVR (bus 0 bus_irq 0 global_irq 2 dfl dfl)
[    0.000000] ACPI: INT_SRC_OVR (bus 0 bus_irq 9 global_irq 9 low level)
[    0.000000] Using ACPI (MADT) for SMP configuration information
[    0.000000] smpboot: Allowing 2 CPUs, 0 hotplug CPUs
[    0.000000] PM: Registered nosave memory: [mem 0x00000000-0x00000fff]
[    0.000000] PM: Registered nosave memory: [mem 0x0009f000-0x0009ffff]
[    0.000000] PM: Registered nosave memory: [mem 0x000a0000-0x000effff]
[    0.000000] PM: Registered nosave memory: [mem 0x000f0000-0x000fffff]
[    0.000000] e820: [mem 0x80000000-0xfebfffff] available for PCI devices
[    0.000000] Booting paravirtualized kernel on KVM
[    0.000000] clocksource: refined-jiffies: mask: 0xffffffff max_cycles: 0xffffffff, max_idle_ns: 7645519600211568 ns
[    0.000000] setup_percpu: NR_CPUS:8192 nr_cpumask_bits:2 nr_cpu_ids:2 nr_node_ids:1
[    0.000000] percpu: Embedded 50 pages/cpu s167936 r8192 d28672 u1048576
[    0.000000] PV qspinlock hash table entries: 256 (order: 0, 4096 bytes)
[    0.000000] Built 1 zonelists, mobility grouping on.  Total pages: 515961
[    0.000000] Policy zone: DMA32
[    0.000000] Kernel command line: BOOT_IMAGE=/boot/vmlinuz-4.15.0-212-generic root=LABEL=cloudimg-rootfs ro console=tty1 console=ttyS0
[    0.000000] Memory: 2013968K/2096696K available (12300K kernel code, 2477K rwdata, 4324K rodata, 2480K init, 2720K bss, 82728K reserved, 0K cma-reserved)
[    0.000000] SLUB: HWalign=64, Order=0-3, MinObjects=0, CPUs=2, Nodes=1
[    0.000000] ftrace: allocating 39508 entries in 155 pages
[    0.004000] Hierarchical RCU implementation.
[    0.004000] 	RCU restricting CPUs from NR_CPUS=8192 to nr_cpu_ids=2.
[    0.004000] 	Tasks RCU enabled.
[    0.004000] RCU: Adjusting geometry for rcu_fanout_leaf=16, nr_cpu_ids=2
[    0.004000] NR_IRQS: 524544, nr_irqs: 440, preallocated irqs: 16
[    0.004000] random: crng init done
[    0.004000] Console: colour VGA+ 80x25
[    0.004000] console [tty1] enabled
[    0.004000] console [ttyS0] enabled
[    0.004000] ACPI: Core revision 20170831
[    0.004000] ACPI: 2 ACPI AML tables successfully acquired and loaded
[    0.004000] APIC: Switch to symmetric I/O mode setup
[    0.008000] ..TIMER: vector=0x30 apic1=0 pin1=2 apic2=-1 pin2=-1
[    0.008013] tsc: Detected 2918.398 MHz processor
[    0.012025] Calibrating delay loop (skipped) preset value.. 5836.79 BogoMIPS (lpj=11673592)
[    0.016011] pid_max: default: 32768 minimum: 301
[    0.024229] Security Framework initialized
[    0.028009] Yama: becoming mindful.
[    0.032218] AppArmor: AppArmor initialized
[    0.056742] Dentry cache hash table entries: 262144 (order: 9, 2097152 bytes)
[    0.070674] Inode-cache hash table entries: 131072 (order: 8, 1048576 bytes)
[    0.072346] Mount-cache hash table entries: 4096 (order: 3, 32768 bytes)
[    0.076398] Mountpoint-cache hash table entries: 4096 (order: 3, 32768 bytes)
[    0.088582] Last level iTLB entries: 4KB 0, 2MB 0, 4MB 0
[    0.092008] Last level dTLB entries: 4KB 0, 2MB 0, 4MB 0, 1GB 0
[    0.096011] Spectre V1 : Mitigation: usercopy/swapgs barriers and __user pointer sanitization
[    0.100019] Spectre V2 : Mitigation: Enhanced IBRS
[    0.104007] Spectre V2 : Spectre v2 / SpectreRSB mitigation: Filling RSB on context switch
[    0.108007] Spectre V2 : Spectre v2 / PBRSB-eIBRS: Retire a single CALL on VMEXIT
[    0.112007] RETBleed: Mitigation: Enhanced IBRS
[    0.116008] Speculative Store Bypass: Vulnerable
[    0.120316] Freeing SMP alternatives memory: 36K
[    0.242591] smpboot: CPU0: 11th Gen Intel(R) Core(TM) i7-1195G7 @ 2.90GHz (family: 0x6, model: 0x8c, stepping: 0x2)
[    0.245230] Performance Events: unsupported p6 CPU model 140 no PMU driver, software events only.
[    0.248415] Hierarchical SRCU implementation.
[    0.257148] NMI watchdog: Perf event create on CPU 0 failed with -2
[    0.264122] NMI watchdog: Perf NMI watchdog permanently disabled
[    0.269227] smp: Bringing up secondary CPUs ...
[    0.273994] x86: Booting SMP configuration:
[    0.276011] .... node  #0, CPUs:      #1
[    0.004000] kvm-clock: cpu 1, msr 0:7ff44041, secondary cpu clock
[    0.304277] smp: Brought up 1 node, 2 CPUs
[    0.308016] smpboot: Max logical packages: 1
[    0.312011] smpboot: Total of 2 processors activated (11673.59 BogoMIPS)
[    0.321326] devtmpfs: initialized
[    0.324304] x86/mm: Memory block size: 128MB
[    0.332024] evm: security.selinux
[    0.336007] evm: security.SMACK64
[    0.340007] evm: security.SMACK64EXEC
[    0.344007] evm: security.SMACK64TRANSMUTE
[    0.348007] evm: security.SMACK64MMAP
[    0.352007] evm: security.apparmor
[    0.356008] evm: security.ima
[    0.360007] evm: security.capability
[    0.369496] clocksource: jiffies: mask: 0xffffffff max_cycles: 0xffffffff, max_idle_ns: 7645041785100000 ns
[    0.372022] futex hash table entries: 512 (order: 3, 32768 bytes)
[    0.376206] pinctrl core: initialized pinctrl subsystem
[    0.380734] RTC time: 14:48:40, date: 07/11/25
[    0.388929] NET: Registered protocol family 16
[    0.392433] audit: initializing netlink subsys (disabled)
[    0.396535] audit: type=2000 audit(1752245325.595:1): state=initialized audit_enabled=0 res=1
[    0.424018] cpuidle: using governor ladder
[    0.428025] cpuidle: using governor menu
[    0.432098] ACPI: bus type PCI registered
[    0.436010] acpiphp: ACPI Hot Plug PCI Controller Driver version: 0.5
[    0.441316] PCI: Using configuration type 1 for base access
[    0.456648] HugeTLB registered 2.00 MiB page size, pre-allocated 0 pages
[    0.469246] ACPI: Added _OSI(Module Device)
[    0.472286] ACPI: Added _OSI(Processor Device)
[    0.476013] ACPI: Added _OSI(3.0 _SCP Extensions)
[    0.480009] ACPI: Added _OSI(Processor Aggregator Device)
[    0.484011] ACPI: Added _OSI(Linux-Dell-Video)
[    0.488015] ACPI: Added _OSI(Linux-Lenovo-NV-HDMI-Audio)
[    0.492012] ACPI: Added _OSI(Linux-HPI-Hybrid-Graphics)
[    0.500471] ACPI: Executed 1 blocks of module-level executable AML code
[    0.517214] ACPI: Interpreter enabled
[    0.520038] ACPI: (supports S0 S5)
[    0.524009] ACPI: Using IOAPIC for interrupt routing
[    0.532729] PCI: Using host bridge windows from ACPI; if necessary, use "pci=nocrs" and report a bug
[    0.536632] ACPI: Enabled 2 GPEs in block 00 to 07
[    0.569902] ACPI: PCI Root Bridge [PCI0] (domain 0000 [bus 00-ff])
[    0.572024] acpi PNP0A03:00: _OSC: OS supports [ASPM ClockPM Segments MSI]
[    0.580292] acpi PNP0A03:00: _OSC: not requesting OS control; OS requires [ExtendedConfig ASPM ClockPM MSI]
[    0.584021] acpi PNP0A03:00: fail to add MMCONFIG information, can't access extended PCI configuration space under this bridge.
[    0.592354] PCI host bridge to bus 0000:00
[    0.596012] pci_bus 0000:00: root bus resource [io  0x0000-0x0cf7 window]
[    0.600014] pci_bus 0000:00: root bus resource [io  0x0d00-0xffff window]
[    0.604012] pci_bus 0000:00: root bus resource [mem 0x000a0000-0x000bffff window]
[    0.608012] pci_bus 0000:00: root bus resource [mem 0x80000000-0xfdffffff window]
[    0.612015] pci_bus 0000:00: root bus resource [bus 00-ff]
[    0.632526] pci 0000:00:01.1: legacy IDE quirk: reg 0x10: [io  0x01f0-0x01f7]
[    0.636010] pci 0000:00:01.1: legacy IDE quirk: reg 0x14: [io  0x03f6]
[    0.640010] pci 0000:00:01.1: legacy IDE quirk: reg 0x18: [io  0x0170-0x0177]
[    0.644040] pci 0000:00:01.1: legacy IDE quirk: reg 0x1c: [io  0x0376]
[    0.709178] pci 0000:00:07.0: quirk: [io  0x4000-0x403f] claimed by PIIX4 ACPI
[    0.712115] pci 0000:00:07.0: quirk: [io  0x4100-0x410f] claimed by PIIX4 SMB
[    0.746554] ACPI: PCI Interrupt Link [LNKA] (IRQs 5 9 10 *11)
[    0.749598] ACPI: PCI Interrupt Link [LNKB] (IRQs 5 9 *10 11)
[    0.752529] ACPI: PCI Interrupt Link [LNKC] (IRQs 5 *9 10 11)
[    0.760149] ACPI: PCI Interrupt Link [LNKD] (IRQs 5 9 10 *11)
[    0.766076] SCSI subsystem initialized
[    0.772290] pci 0000:00:02.0: vgaarb: setting as boot VGA device
[    0.776000] pci 0000:00:02.0: vgaarb: VGA device added: decodes=io+mem,owns=io+mem,locks=none
[    0.776014] pci 0000:00:02.0: vgaarb: bridge control possible
[    0.780009] vgaarb: loaded
[    0.784222] ACPI: bus type USB registered
[    0.788065] usbcore: registered new interface driver usbfs
[    0.792122] usbcore: registered new interface driver hub
[    0.796052] usbcore: registered new device driver usb
[    0.804288] EDAC MC: Ver: 3.0.0
[    0.813162] PCI: Using ACPI for IRQ routing
[    0.818151] NetLabel: Initializing
[    0.820007] NetLabel:  domain hash size = 128
[    0.824008] NetLabel:  protocols = UNLABELED CIPSOv4 CALIPSO
[    0.828373] NetLabel:  unlabeled traffic allowed by default
[    0.836096] clocksource: Switched to clocksource kvm-clock
[    0.854314] VFS: Disk quotas dquot_6.6.0
[    0.854314] VFS: Dquot-cache hash table entries: 512 (order 0, 4096 bytes)
[    0.854314] AppArmor: AppArmor Filesystem Enabled
[    0.854314] pnp: PnP ACPI init
[    0.854314] pnp: PnP ACPI: found 3 devices
[    1.109449] clocksource: acpi_pm: mask: 0xffffff max_cycles: 0xffffff, max_idle_ns: 2085701024 ns
[    1.113321] NET: Registered protocol family 2
[    1.113321] IP idents hash table entries: 32768 (order: 6, 262144 bytes)
[    1.163671] TCP established hash table entries: 16384 (order: 5, 131072 bytes)
[    1.184357] TCP bind hash table entries: 16384 (order: 6, 262144 bytes)
[    1.200426] TCP: Hash tables configured (established 16384 bind 16384)
[    1.201929] UDP hash table entries: 1024 (order: 3, 32768 bytes)
[    1.201929] UDP-Lite hash table entries: 1024 (order: 3, 32768 bytes)
[    1.201929] NET: Registered protocol family 1
[    1.201929] pci 0000:00:00.0: Limiting direct PCI/PCI transfers
[    1.201929] pci 0000:00:01.0: Activating ISA DMA hang workarounds
[    1.201929] pci 0000:00:02.0: Video device with shadowed ROM at [mem 0x000c0000-0x000dffff]
[    1.201929] Unpacking initramfs...
[    2.708235] Freeing initrd memory: 20396K
[    2.715971] clocksource: tsc: mask: 0xffffffffffffffff max_cycles: 0x2a1126e309d, max_idle_ns: 440795258009 ns
[    2.732399] platform rtc_cmos: registered platform RTC device (no PNP device found)
[    2.744762] Scanning for low memory corruption every 60 seconds
[    2.760615] Initialise system trusted keyrings
[    2.767728] Key type blacklist registered
[    2.776849] workingset: timestamp_bits=36 max_order=19 bucket_order=0
[    2.797231] zbud: loaded
[    2.809754] squashfs: version 4.0 (2009/01/31) Phillip Lougher
[    2.826082] fuse init (API version 7.26)
[    2.912789] Key type asymmetric registered
[    2.923738] Asymmetric key parser 'x509' registered
[    2.938264] Block layer SCSI generic (bsg) driver version 0.4 loaded (major 246)
[    2.960259] io scheduler noop registered
[    2.971886] io scheduler deadline registered
[    2.983536] io scheduler cfq registered (default)
[    2.999279] ACPI: AC Adapter [AC] (off-line)
[    3.010476] input: Power Button as /devices/LNXSYSTM:00/LNXPWRBN:00/input/input0
[    3.027987] ACPI: Power Button [PWRF]
[    3.037260] input: Sleep Button as /devices/LNXSYSTM:00/LNXSLPBN:00/input/input1
[    3.046745] ACPI: Sleep Button [SLPF]
[    3.052495] Serial: 8250/16550 driver, 32 ports, IRQ sharing enabled
[    3.057869] ACPI: Battery Slot [BAT0] (battery present)
[    3.106389] 00:02: ttyS0 at I/O 0x3f8 (irq = 4, base_baud = 115200) is a 16550A
[    3.128200] Linux agpgart interface v0.103
[    3.161868] loop: module loaded
[    3.174462] scsi host0: ata_piix
[    3.181099] scsi host1: ata_piix
[    3.187577] ata1: PATA max UDMA/33 cmd 0x1f0 ctl 0x3f6 bmdma 0xd000 irq 14
[    3.197771] ata2: PATA max UDMA/33 cmd 0x170 ctl 0x376 bmdma 0xd008 irq 15
[    3.213952] tun: Universal TUN/TAP device driver, 1.6
[    3.224548] PPP generic driver version 2.4.2
[    3.235156] ehci_hcd: USB 2.0 'Enhanced' Host Controller (EHCI) Driver
[    3.246764] ehci-pci: EHCI PCI platform driver
[    3.256484] ehci-platform: EHCI generic platform driver
[    3.265664] ohci_hcd: USB 1.1 'Open' Host Controller (OHCI) Driver
[    3.277773] ohci-pci: OHCI PCI platform driver
[    3.285908] ohci-platform: OHCI generic platform driver
[    3.296552] uhci_hcd: USB Universal Host Controller Interface driver
[    3.308820] i8042: PNP: PS/2 Controller [PNP0303:PS2K,PNP0f03:PS2M] at 0x60,0x64 irq 1,12
[    3.334899] serio: i8042 KBD port at 0x60,0x64 irq 1
[    3.344755] serio: i8042 AUX port at 0x60,0x64 irq 12
[    3.357753] mousedev: PS/2 mouse device common for all mice
[    3.433782] rtc_cmos rtc_cmos: rtc core: registered rtc_cmos as rtc0
[    3.490021] rtc_cmos rtc_cmos: alarms up to one day, 114 bytes nvram
[    3.490308] input: AT Translated Set 2 keyboard as /devices/platform/i8042/serio0/input/input2
[    3.492504] i2c /dev entries driver
[    3.536927] device-mapper: uevent: version 1.0.3
[    3.550163] device-mapper: ioctl: 4.37.0-ioctl (2017-09-20) initialised: dm-devel@redhat.com
[    3.571616] ledtrig-cpu: registered to indicate activity on CPUs
[    3.591499] NET: Registered protocol family 10
[    3.625335] Segment Routing with IPv6
[    3.634829] NET: Registered protocol family 17
[    3.647636] Key type dns_resolver registered
[    3.659462] mce: Using 0 MCE banks
[    3.668551] RAS: Correctable Errors collector initialized.
[    3.681465] sched_clock: Marking stable (3681216555, 0)->(6006662132, -2325445577)
[    3.706314] registered taskstats version 1
[    3.718051] Loading compiled-in X.509 certificates
[    3.740998] Loaded X.509 cert 'Build time autogenerated kernel key: b5b26778eaa3ab3a4a6cee031137706e947d12ad'
[    3.764575] Loaded X.509 cert 'Canonical Ltd. Live Patch Signing: 14df34d1a87cf37625abec039ef2bf521249b969'
[    3.791845] Loaded X.509 cert 'Canonical Ltd. Kernel Module Signing: 88f752e560a1e0737e31163a466ad7b70a850c19'
[    3.819187] blacklist: Loading compiled-in revocation X.509 certificates
[    3.834966] Loaded X.509 cert 'Canonical Ltd. Secure Boot Signing: 61482aa2830d0ab2ad5af10b7250da9033ddcef0'
[    3.860730] Loaded X.509 cert 'Canonical Ltd. Secure Boot Signing (2017): 242ade75ac4a15e50d50c84b0d45ff3eae707a03'
[    3.883338] Loaded X.509 cert 'Canonical Ltd. Secure Boot Signing (ESM 2018): 365188c1d374d6b07c3c8f240f8ef722433d6a8b'
[    3.908891] Loaded X.509 cert 'Canonical Ltd. Secure Boot Signing (2019): c0746fd6c5da3ae827864651ad66ae47fe24b3e8'
[    3.935213] Loaded X.509 cert 'Canonical Ltd. Secure Boot Signing (2021 v1): a8d54bbb3825cfb94fa13c9f8a594a195c107b8d'
[    3.959147] Loaded X.509 cert 'Canonical Ltd. Secure Boot Signing (2021 v2): 4cf046892d6fd3c9a5b03f98d845f90851dc6a8c'
[    3.984506] Loaded X.509 cert 'Canonical Ltd. Secure Boot Signing (2021 v3): 100437bb6de6e469b581e61cd66bce3ef4ed53af'
[    4.009189] Loaded X.509 cert 'Canonical Ltd. Secure Boot Signing (Ubuntu Core 2019): c1d57b8f6b743f23ee41f4f7ee292f06eecadfb9'
[    4.034906] zswap: loaded using pool lzo/zbud
[    4.071988] Key type big_key registered
[    4.080620] Key type trusted registered
[    4.099446] Key type encrypted registered
[    4.104864] AppArmor: AppArmor sha1 policy hashing enabled
[    4.110078] ima: No TPM chip found, activating TPM-bypass! (rc=-19)
[    4.117928] ima: Allocated hash algorithm: sha1
[    4.123223] evm: HMAC attrs: 0x1
[    4.127541]   Magic number: 1:106:839
[    4.135222] rtc_cmos rtc_cmos: setting system clock to 2025-07-11 14:48:44 UTC (1752245324)
[    4.155939] BIOS EDD facility v0.16 2004-Jun-25, 0 devices found
[    4.170672] EDD information not available.
[    4.190684] Freeing unused kernel image memory: 2480K
[    4.227284] Write protecting the kernel read-only data: 20480k
[    4.245303] Freeing unused kernel image memory: 2008K
[    4.257649] Freeing unused kernel image memory: 1820K
[    4.278509] x86/mm: Checked W+X mappings: passed, no W+X pages found.
Loading, please wait...
starting version 237
[    4.574738] Fusion MPT base driver 3.04.20
[    4.587690] Copyright (c) 1999-2008 LSI Corporation
[    4.612734] e1000: Intel(R) PRO/1000 Network Driver - version 7.3.21-k8-NAPI
[    4.631826] e1000: Copyright (c) 1999-2006 Intel Corporation.
[    4.699102] SSE version of gcm_enc/dec engaged.
[    4.777178] Fusion MPT SPI Host driver 3.04.20
[    4.971660] input: ImExPS/2 Generic Explorer Mouse as /devices/platform/i8042/serio1/input/input4
[    6.153437] e1000 0000:00:03.0 eth0: (PCI:33MHz:32-bit) 02:3b:7b:b7:3b:2d
[    6.175121] e1000 0000:00:03.0 eth0: Intel(R) PRO/1000 Network Connection
[    6.203052] mptbase: ioc0: Initiating bringup
[    6.342463] ioc0: LSI53C1030 A0: Capabilities={Initiator}
[    6.641758] scsi host2: ioc0: LSI53C1030 A0, FwRev=00000000h, Ports=1, MaxQ=256, IRQ=20
[    6.835836] scsi 2:0:0:0: Direct-Access     VBOX     HARDDISK         1.0  PQ: 0 ANSI: 5
[    7.016206] scsi target2:0:0: Beginning Domain Validation
[    7.063492] scsi target2:0:0: Domain Validation skipping write tests
[    7.096288] scsi target2:0:0: Ending Domain Validation
[    7.119565] scsi target2:0:0: asynchronous
[    7.157461] scsi 2:0:1:0: Direct-Access     VBOX     HARDDISK         1.0  PQ: 0 ANSI: 5
[    7.552441] scsi target2:0:1: Beginning Domain Validation
[    7.622684] scsi target2:0:1: Domain Validation skipping write tests
[    7.640764] scsi target2:0:1: Ending Domain Validation
[    7.651988] scsi target2:0:1: asynchronous
[    7.686925] sd 2:0:0:0: [sda] 83886080 512-byte logical blocks: (42.9 GB/40.0 GiB)
[    7.704365] sd 2:0:0:0: Attached scsi generic sg0 type 0
[    7.718592] sd 2:0:0:0: [sda] Write Protect is off
[    7.727636] sd 2:0:1:0: Attached scsi generic sg1 type 0
[    7.739113] sd 2:0:1:0: [sdb] 20480 512-byte logical blocks: (10.5 MB/10.0 MiB)
[    7.757115] sd 2:0:0:0: [sda] Incomplete mode parameter data
[    7.771245] sd 2:0:0:0: [sda] Assuming drive cache: write through
[    7.790137] sd 2:0:1:0: [sdb] Write Protect is off
[    7.805635] sd 2:0:1:0: [sdb] Incomplete mode parameter data
[    7.821087] sd 2:0:1:0: [sdb] Assuming drive cache: write through
[    7.852587]  sda: sda1
[    7.869095] sd 2:0:0:0: [sda] Attached SCSI disk
[    7.889825] sd 2:0:1:0: [sdb] Attached SCSI disk
[    8.359466] e1000 0000:00:08.0 eth1: (PCI:33MHz:32-bit) 08:00:27:6d:7c:cb
[    8.372249] e1000 0000:00:08.0 eth1: Intel(R) PRO/1000 Network Connection
[    8.401694] e1000 0000:00:03.0 enp0s3: renamed from eth0
[    8.434565] e1000 0000:00:08.0 enp0s8: renamed from eth1
Begin: Loading essential drivers ... [   13.476967] raid6: sse2x1   gen() 112709 MB/s
[   15.476695] raid6: sse2x1   xor() 70960 MB/s
[   17.472963] raid6: sse2x2   gen() 144901 MB/s
[   17.544163] raid6: sse2x2   xor()  4513 MB/s
[   18.480718] raid6: sse2x4   gen() 140498 MB/s
[   18.548423] raid6: sse2x4   xor()  4601 MB/s
[   18.557398] raid6: using algorithm sse2x2 gen() 144901 MB/s
[   18.567757] raid6: .... xor() 4513 MB/s, rmw enabled
[   18.576143] raid6: using ssse3x2 recovery algorithm
[   18.591749] xor: measuring software checksum speed
[   18.637128]    prefetch64-sse:  7383.000 MB/sec
[   18.689088]    generic_sse:  5431.000 MB/sec
[   18.700371] xor: using function: prefetch64-sse (7383.000 MB/sec)
[   18.721457] async_tx: api initialized (async)
done.
Begin: Running /scripts/init-premount ... done.
Begin: Mounting root file system ... Begin: Running /scripts/local-top ... done.
Begin: Running /scripts/local-premount ... [   18.912882] Btrfs loaded, crc32c=crc32c-intel
Scanning for Btrfs filesystems
done.
Begin: Will now check root file system ... fsck from util-linux 2.31.1
[/sbin/fsck.ext4 (1) -- /dev/sda1] fsck.ext4 -a -C0 /dev/sda1 
cloudimg-rootfs: clean, 234850/5120000 files, 1839193/10485499 blocks
done.
[   19.099119] EXT4-fs (sda1): mounted filesystem with ordered data mode. Opts: (null)
done.
Begin: Running /scripts/local-bottom ... done.
Begin: Running /scripts/init-bottom ... done.
[   19.659659] ip_tables: (C) 2000-2006 Netfilter Core Team
[   19.720506] systemd[1]: systemd 237 running in system mode. (+PAM +AUDIT +SELINUX +IMA +APPARMOR +SMACK +SYSVINIT +UTMP +LIBCRYPTSETUP +GCRYPT +GNUTLS +ACL +XZ +LZ4 +SECCOMP +BLKID +ELFUTILS +KMOD -IDN2 +IDN -PCRE2 default-hierarchy=hybrid)
[   19.764893] systemd[1]: Detected virtualization oracle.
[   19.777408] systemd[1]: Detected architecture x86-64.

Welcome to [1mUbuntu 18.04.6 LTS[0m!

[   19.898036] systemd[1]: Set hostname to <jenkins>.
[   20.606414] systemd[1]: Created slice System Slice.
[[0;32m  OK  [0m] Created slice System Slice.
[   20.624543] systemd[1]: Listening on Journal Socket.
[[0;32m  OK  [0m] Listening on Journal Socket.
[   20.642435] systemd[1]: Listening on udev Kernel Socket.
[[0;32m  OK  [0m] Listening on udev Kernel Socket.
[   20.658622] systemd[1]: Mounting Huge Pages File System...
         Mounting Huge Pages File System...
[   20.675007] systemd[1]: Listening on LVM2 metadata daemon socket.
[[0;32m  OK  [0m] Listening on LVM2 metadata daemon socket.
[   20.697162] systemd[1]: Created slice User and Session Slice.
[[0;32m  OK  [0m] Created slice User and Session Slice.
         Starting Uncomplicated firewall...
[[0;32m  OK  [0m] Reached target Slices.
[[0;32m  OK  [0m] Started Forward Password Requests to Wall Directory Watch.
[[0;32m  OK  [0m] Listening on Journal Audit Socket.
[[0;32m  OK  [0m] Listening on Device-mapper event daemon FIFOs.
         Starting Monitoring of LVM2 mirrors…ng dmeventd or progress polling...
         Starting Set the console keyboard layout...
[[0;32m  OK  [0m] Listening on LVM2 poll daemon socket.
[[0;32m  OK  [0m] Listening on Journal Socket (/dev/log).
[[0;32m  OK  [0m] Set up automount Arbitrary Executab…rmats File System Automount Point.
[[0;32m  OK  [0m] Created slice system-serial\x2dgetty.slice.
[[0;32m  OK  [0m] Listening on udev Control Socket.
         Starting udev Coldplug all Devices...
         Mounting Kernel Debug File System...
[[0;32m  OK  [0m] Listening on Syslog Socket.
         Starting Journal Service...
[[0;32m  OK  [0m] Reached target Swap.
[[0;32m  OK  [0m] Reached target Mounting snaps.
         Starting Load Kernel Modules...
         Starting Create list of required st…ce nodes for the current kernel...
[[0;32m  OK  [0m] Listening on fsck to fsckd communication Socket.
         Starting Remount Root and Kernel File Systems...
         Mounting POSIX Message Queue File System...
[[0;32m  OK  [0m] Reached target User and Group Name Lookups.
[[0;32m  OK  [0m] Listening on /dev/initctl Compatibility Named Pipe.
[[0;32m  OK  [0m] Reached target Mounted snaps.
[[0;32m  OK  [0m] Reached target System Time Synchronized.
[[0;32m  OK  [0m] Listening on Network Service Netlink Socket.
[[0;32m  OK  [0m] Mounted Huge Pages File System.
[[0;32m  OK  [0m] Started Uncomplicated firewall.
[[0;32m  OK  [0m] Mounted Kernel Debug File System.
[[0;32m  OK  [0m] Started LVM2 metadata daemon.
[   21.111734] Loading iSCSI transport class v2.0-870.
[[0;32m  OK  [0m] Mounted POSIX Message Queue File System.
[[0;32m  OK  [0m] Started Create list of required sta…vice nodes for the current kernel.
[   21.165565] EXT4-fs (sda1): re-mounted. Opts: (null)
         Starting Create Static Device Nodes in /dev...
[[0;32m  OK  [0m] Started Remount Root and Kernel File Systems.
         Starting Load/Save Random Seed...
[   21.259926] iscsi: registered transport (tcp)
[[0;32m  OK  [0m] Started Journal Service.
[[0;32m  OK  [0m] Started Monitoring of LVM2 mirrors,…sing dmeventd or progress polling.
[[0;32m  OK  [0m] Started Set the console keyboard layout.
[[0;32m  OK  [0m] Started udev Coldplug all Devices.
         Starting Flush Journal to Persistent Storage...
[[0;32m  OK  [0m] Started Create Static Device Nodes in /dev.
         Starting udev Kernel Device Manager...
[[0;32m  OK  [0m] Reached target Local File Systems (Pre).
[[0;32m  OK  [0m] Reached target Local File Systems.
         Starting Tell Plymouth To Write Out Runtime Data...
         Starting Set console font and keymap...
         Starting ebtables ruleset management...
         Starting AppArmor initialization...
[[0;32m  OK  [0m] Started Load/Save Random Seed.
[   21.615679] systemd-journald[416]: Received request to flush runtime journal from PID 1
[[0;32m  OK  [0m] Started Set console font and keymap.
[[0;32m  OK  [0m] Started udev Kernel Device Manager.
[[0;32m  OK  [0m] Started Dispatch Password Requests to Console Directory Watch.
[[0;32m  OK  [0m] Reached target Local Encrypted Volumes.
[[0;32m  OK  [0m] Started Tell Plymouth To Write Out Runtime Data.
[[0;32m  OK  [0m] Started Flush Journal to Persistent Storage.[   22.028742] iscsi: registered transport (iser)

         Starting Create Volatile Files and Directories...
[[0;32m  OK  [0m] Started Load Kernel Modules.
[[0;32m  OK  [0m] Started ebtables ruleset management.
         Starting Apply Kernel Variables...
         Mounting FUSE Control File System...
         Mounting Kernel Configuration File System...
[[0;32m  OK  [0m] Mounted Kernel Configuration File System.
[[0;32m  OK  [0m] Mounted FUSE Control File System.
[[0;32m  OK  [0m] Started Create Volatile Files and Directories.
         Starting Update UTMP about System Boot/Shutdown...
[[0;32m  OK  [0m] Started Update UTMP about System Boot/Shutdown.
[[0;32m  OK  [0m] Started Apply Kernel Variables.
[[0;32m  OK  [0m] Started AppArmor initialization.
[[0;32m  OK  [0m] Found device /dev/ttyS0.
         Starting Load AppArmor profiles managed internally by snapd...
         Starting Initial cloud-init job (pre-networking)...
         Mounting Arbitrary Executable File Formats File System...
[[0;32m  OK  [0m] Mounted Arbitrary Executable File Formats File System.
[[0;32m  OK  [0m] Started Load AppArmor profiles managed internally by snapd.
[[0;32m  OK  [0m] Listening on Load/Save RF Kill Switch Status /dev/rfkill Watch.
[   26.885385] cloud-init[538]: Cloud-init v. 23.1.2-0ubuntu0~18.04.1 running 'init-local' at Fri, 11 Jul 2025 14:49:06 +0000. Up 26.44 seconds.
[[0;32m  OK  [0m] Started Initial cloud-init job (pre-networking).
[[0;32m  OK  [0m] Reached target Network (Pre).
         Starting Network Service...
[[0;32m  OK  [0m] Started Network Service.
         Starting Network Name Resolution...
         Starting Wait for Network to be Configured...
[[0;32m  OK  [0m] Started Network Name Resolution.
[[0;32m  OK  [0m] Reached target Host and Network Name Lookups.
[[0;32m  OK  [0m] Reached target Network.
[[0;32m  OK  [0m] Started Wait for Network to be Configured.
         Starting Initial cloud-init job (metadata service crawler)...
[   31.804481] cloud-init[674]: Cloud-init v. 23.1.2-0ubuntu0~18.04.1 running 'init' at Fri, 11 Jul 2025 14:49:11 +0000. Up 31.38 seconds.
[   31.817399] cloud-init[674]: ci-info: +++++++++++++++++++++++++++++++++++++++++++Net device info++++++++++++++++++++++++++++++++++++++++++++
[   31.829265] cloud-init[674]: ci-info: +--------+------+---------------------------------------+---------------+--------+-------------------+
[   31.840922] cloud-init[674]: ci-info: | Device |  Up  |                Address                |      Mask     | Scope  |     Hw-Address    |
[   31.853264] cloud-init[674]: ci-info: +--------+------+---------------------------------------+---------------+--------+-------------------+
[   31.862697] cloud-init[674]: ci-info: | enp0s3 | True |               10.0.2.15               | 255.255.255.0 | global | 02:3b:7b:b7:3b:2d |
[   31.870573] cloud-init[674]: ci-info: | enp0s3 | True | fd17:625c:f037:2:3b:7bff:feb7:3b2d/64 |       .       | global | 02:3b:7b:b7:3b:2d |
[   31.883793] cloud-init[674]: ci-info: | enp0s3 | True |       fe80::3b:7bff:feb7:3b2d/64      |       .       |  link  | 02:3b:7b:b7:3b:2d |
[   31.895946] cloud-init[674]: ci-info: | enp0s8 | True |             192.168.56.10             | 255.255.255.0 | global | 08:00:27:6d:7c:cb |
[   31.908899] cloud-init[674]: ci-info: | enp0s8 | True |      fe80::a00:27ff:fe6d:7ccb/64      |       .       |  link  | 08:00:27:6d:7c:cb |
[   31.918303] cloud-init[674]: ci-info: |   lo   | True |               127.0.0.1               |   255.0.0.0   |  host  |         .         |
[   31.929293] cloud-init[674]: ci-info: |   lo   | True |                ::1/128                |       .       |  host  |         .         |
[   31.941635] cloud-init[674]: ci-info: +--------+------+---------------------------------------+---------------+--------+-------------------+
[   31.953109] cloud-init[674]: ci-info: +++++++++++++++++++++++++++++Route IPv4 info+++++++++++++++++++++++++++++
[   31.962245] cloud-init[674]: ci-info: +-------+--------------+----------+-----------------+-----------+-------+
[   31.971452] cloud-init[674]: ci-info: | Route | Destination  | Gateway  |     Genmask     | Interface | Flags |
[   31.977890] cloud-init[674]: ci-info: +-------+--------------+----------+-----------------+-----------+-------+
[   31.983244] cloud-init[674]: ci-info: |   0   |   0.0.0.0    | 10.0.2.2 |     0.0.0.0     |   enp0s3  |   UG  |
[   31.991595] cloud-init[674]: ci-info: |   1   |   10.0.2.0   | 0.0.0.0  |  255.255.255.0  |   enp0s3  |   U   |
[   32.001893] cloud-init[674]: ci-info: |   2   |   10.0.2.2   | 0.0.0.0  | 255.255.255.255 |   enp0s3  |   UH  |
[   32.019191] cloud-init[674]: ci-info: |   3   | 192.168.56.0 | 0.0.0.0  |  255.255.255.0  |   enp0s8  |   U   |
[   32.035563] cloud-init[674]: ci-info: +-------+--------------+----------+-----------------+-----------+-------+
[   32.046734] cloud-init[674]: ci-info: ++++++++++++++++++++++++Route IPv6 info++++++++++++++++++++++++
[   32.060572] cloud-init[674]: ci-info: +-------+-----------------------+---------+-----------+-------+
[   32.082940] cloud-init[674]: ci-info: | Route |      Destination      | Gateway | Interface | Flags |
[   32.101696] cloud-init[674]: ci-info: +-------+-----------------------+---------+-----------+-------+
[   32.121781] cloud-init[674]: ci-info: |   1   | fd17:625c:f037:2::/64 |    ::   |   enp0s3  |   U   |
[   32.139079] cloud-init[674]: ci-info: |   2   |       fe80::/64       |    ::   |   enp0s8  |   U   |
[   32.157514] cloud-init[674]: ci-info: |   3   |       fe80::/64       |    ::   |   enp0s3  |   U   |
[   32.173507] cloud-init[674]: ci-info: |   4   |          ::/0         | fe80::2 |   enp0s3  |   UG  |
[   32.191616] cloud-init[674]: ci-info: |   6   |         local         |    ::   |   enp0s3  |   U   |
[   32.211950] cloud-init[674]: ci-info: |   7   |         local         |    ::   |   enp0s8  |   U   |
[   32.229508] cloud-init[674]: ci-info: |   8   |        ff00::/8       |    ::   |   enp0s8  |   U   |
[   32.243737] cloud-init[674]: ci-info: |   9   |        ff00::/8       |    ::   |   enp0s3  |   U   |
[   32.259969] cloud-init[674]: ci-info: +-------+-----------------------+---------+-----------+-------+
[[0;32m  OK  [0m] Started Initial cloud-init job (metadata service crawler).
[[0;32m  OK  [0m] Reached target Network is Online.
         Starting Availability of block devices...
[[0;32m  OK  [0m] Reached target Remote File Systems (Pre).
         Mounting /vagrant...
         Mounting /keys/web...
[[0;32m  OK  [0m] Reached target Cloud-config availability.
[[0;32m  OK  [0m] Reached target System Initialization.
[[0;32m  OK  [0m] Started ACPI Events Check.
[[0;32m  OK  [0m] Listening on UUID daemon activation socket.
[[0;32m  OK  [0m] Listening on ACPID Listen Socket.
[[0;32m  OK  [0m] Listening on D-Bus System Message Bus Socket.
[[0;32m  OK  [0m] Started Daily Cleanup of Temporary Directories.
[[0;32m  OK  [0m] Started Daily apt download activities.
         Starting Docker Socket for the API.
[[0;32m  OK  [0m] Reached target Paths.
[[0;32m  OK  [0m] Started Daily apt upgrade and clean activities.
         Starting LXD - unix socket.
[[0;32m  OK  [0m] Listening on Open-iSCSI iscsid Socket.
[[0;32m  OK  [0m] Listening on cloud-init hotplug hook socket.
[[0;32m  OK  [0m] Started Ubuntu Advantage Timer for running repeated jobs.
         Starting Socket activation for snappy daemon.
[[0;32m  OK  [0m] Started Discard unused blocks once a week.
[[0;32m  OK  [0m] Started Message of the Day.
[[0;32m  OK  [0m] Reached target Timers.
[[0;32m  OK  [0m] Started Availability of block devices.
[[0;32m  OK  [0m] Listening on Docker Socket for the API.
[[0;32m  OK  [0m] Listening on LXD - unix socket.
[[0;32m  OK  [0m] Listening on Socket activation for snappy daemon.
[[0;32m  OK  [0m] Reached target Sockets.
[[0;32m  OK  [0m] Reached target Basic System.
[[0;32m  OK  [0m] Reached target Login Prompts (Pre).
[[0;32m  OK  [0m] Started D-Bus System Message Bus.
         Starting Snap Daemon...
[[0;32m  OK  [0m] Started FUSE filesystem for LXC.
         Starting Dispatcher daemon for systemd-networkd...
         Starting LSB: Record successful boot for GRUB...
         Starting LXD - container startup/shutdown...
[[0;32m  OK  [0m] Started irqbalance daemon.
         Starting Login Service...
[[0;32m  OK  [0m] Started Deferred execution scheduler.
         Starting System Logging Service...
         Starting Virtualbox guest utils...
         Starting Accounts Service...
         Starting containerd container runtime...
[[0;32m  OK  [0m] Started Regular background program processing daemon.
         Starting OpenBSD Secure Shell server...
[[0;32m  OK  [0m] Started System Logging Service.
[[0;32m  OK  [0m] Mounted /vagrant.
[[0;1;31mFAILED[0m] Failed to mount /keys/web.
See 'systemctl status keys-web.mount' for details.
[[0;1;33mDEPEND[0m] Dependency failed for Remote File Systems.
[[0;32m  OK  [0m] Started Login Service.
[[0;32m  OK  [0m] Started Unattended Upgrades Shutdown.
         Starting Hostname Service...
         Starting Permit User Sessions...
         Starting LSB: automatic crash report generation...
[[0;32m  OK  [0m] Started Permit User Sessions.
         Starting Hold until boot process finishes up...
         Starting Terminate Plymouth Boot Screen...
[[0;32m  OK  [0m] Started Hold until boot process finishes up.
[[0;32m  OK  [0m] Started LSB: Record successful boot for GRUB.
[[0;32m  OK  [0m] Started Terminate Plymouth Boot Screen.
         Starting Set console scheme...
[[0;32m  OK  [0m] Started Serial Getty on ttyS0.
[[0;32m  OK  [0m] Started Set console scheme.
         Starting Authorization Manager...
[[0;32m  OK  [0m] Created slice system-getty.slice.
[[0;32m  OK  [0m] Started Getty on tty1.
[[0;32m  OK  [0m] Reached target Login Prompts.
[[0;32m  OK  [0m] Started Hostname Service.
[[0;32m  OK  [0m] Started OpenBSD Secure Shell server.
[[0;32m  OK  [0m] Started Authorization Manager.
[[0;32m  OK  [0m] Started Virtualbox guest utils.
[[0;32m  OK  [0m] Started LSB: automatic crash report generation.
[[0;32m  OK  [0m] Started Accounts Service.
[[0;32m  OK  [0m] Started Dispatcher daemon for systemd-networkd.
[[0;32m  OK  [0m] Started LXD - container startup/shutdown.
[[0;32m  OK  [0m] Created slice User Slice of vagrant.
         Starting User Manager for UID 1000...
[[0;32m  OK  [0m] Started Session 1 of user vagrant.
[[0;32m  OK  [0m] Started User Manager for UID 1000.
[[0;32m  OK  [0m] Started containerd container runtime.
         Starting Docker Application Container Engine...
[[0;32m  OK  [0m] Started Snap Daemon.
         Starting Wait until snapd is fully seeded...
         Starting Time & Date Service...
[[0;32m  OK  [0m] Started Time & Date Service.
[[0;32m  OK  [0m] Started Wait until snapd is fully seeded.
         Starting Apply the settings specified in cloud-config...

Ubuntu 18.04.6 LTS jenkins ttyS0

jenkins login: [   41.930164] cloud-init[1088]: Cloud-init v. 23.1.2-0ubuntu0~18.04.1 running 'modules:config' at Fri, 11 Jul 2025 14:49:21 +0000. Up 41.12 seconds.
[   50.978087] cloud-init[1830]: Cloud-init v. 23.1.2-0ubuntu0~18.04.1 running 'modules:final' at Fri, 11 Jul 2025 14:49:30 +0000. Up 50.16 seconds.
[   50.978508] cloud-init[1830]:         Stopping Availability of block devices...
         Stopping User Manager for UID 1000...
[[0;32m  OK  [0m] Stopped target Timers.
[[0;32m  OK  [0m] Stopped Discard unused blocks once a week.
[[0;32m  OK  [0m] Stopped Daily apt upgrade and clean activities.
[[0;32m  OK  [0m] Stopped Daily Cleanup of Temporary Directories.
[[0;32m  OK  [0m] Stopped Daily apt download activities.
         Stopping Daemon for generating UUIDs...
         Stopping Session 8 of user vagrant.
         Stopping Authorization Manager...
[[0;32m  OK  [0m] Stopped Ubuntu Advantage Timer for running repeated jobs.
[[0;32m  OK  [0m] Stopped Message of the Day.
[[0;32m  OK  [0m] Stopped target Host and Network Name Lookups.
[[0;32m  OK  [0m] Stopped target System Time Synchronized.
[[0;32m  OK  [0m] Stopped target Graphical Interface.
         Stopping Accounts Service...
[[0;32m  OK  [0m] Closed Load/Save RF Kill Switch Status /dev/rfkill Watch.
[[0;32m  OK  [0m] Stopped target Cloud-init target.
[[0;32m  OK  [0m] Stopped Execute cloud user/final scripts.
[[0;32m  OK  [0m] Stopped target Multi-User System.
         Stopping LSB: automatic crash report generation...
         Stopping Virtualbox guest utils...
         Stopping Regular background program processing daemon...
         Stopping System Logging Service...
         Stopping D-Bus System Message Bus...
         Stopping LSB: Record successful boot for GRUB...
         Stopping OpenBSD Secure Shell server...
         Stopping Deferred execution scheduler...
         Stopping LXD - container startup/shutdown...
[[0;32m  OK  [0m] Stopped target Login Prompts.
         Stopping Getty on tty1...
         Stopping Serial Getty on ttyS0...
[[0;32m  OK  [0m] Stopped Apply the settings specified in cloud-config.
[[0;32m  OK  [0m] Stopped target Cloud-config availability.
[[0;32m  OK  [0m] Stopped Wait until snapd is fully seeded.
         Stopping FUSE filesystem for LXC...
         Stopping Session 3 of user vagrant.
         Stopping Dispatcher daemon for systemd-networkd...
         Stopping Unattended Upgrades Shutdown...
[[0;32m  OK  [0m] Unmounted /var/lib/lxcfs.
[[0;32m  OK  [0m] Stopped Accounts Service.
[[0;32m  OK  [0m] Stopped System Logging Service.
[[0;32m  OK  [0m] Stopped Regular background program processing daemon.
[[0;32m  OK  [0m] Stopped Dispatcher daemon for systemd-networkd.
[[0;32m  OK  [0m] Stopped Deferred execution scheduler.
[[0;32m  OK  [0m] Stopped Unattended Upgrades Shutdown.
[[0;32m  OK  [0m] Stopped Authorization Manager.
[[0;32m  OK  [0m] Stopped Serial Getty on ttyS0.
[[0;32m  OK  [0m] Stopped Getty on tty1.
[[0;32m  OK  [0m] Stopped OpenBSD Secure Shell server.
[[0;32m  OK  [0m] Stopped User Manager for UID 1000.
[[0;32m  OK  [0m] Stopped Daemon for generating UUIDs.
[[0;32m  OK  [0m] Stopped Availability of block devices.
[[0;32m  OK  [0m] Stopped D-Bus System Message Bus.
[[0;32m  OK  [0m] Stopped FUSE filesystem for LXC.
[[0;32m  OK  [0m] Stopped Session 3 of user vagrant.
[[0;32m  OK  [0m] Stopped Session 8 of user vagrant.
[[0;32m  OK  [0m] Stopped LXD - container startup/shutdown.
[[0;32m  OK  [0m] Removed slice User Slice of vagrant.
[[0;32m  OK  [0m] Removed slice system-getty.slice.
[[0;32m  OK  [0m] Stopped target Login Prompts (Pre).
[[0;32m  OK  [0m] Removed slice system-serial\x2dgetty.slice.
         Stopping Permit User Sessions...
         Stopping Login Service...
[[0;32m  OK  [0m] Stopped Login Service.
[[0;32m  OK  [0m] Stopped LSB: automatic crash report generation.
[[0;32m  OK  [0m] Stopped LSB: Record successful boot for GRUB.
[[0;32m  OK  [0m] Stopped Permit User Sessions.
[[0;32m  OK  [0m] Stopped target Remote File Systems.
         Unmounting /keys/jenkins...
         Unmounting /keys/apache...
         Unmounting /playbooks...
         Unmounting /vagrant...
[[0;32m  OK  [0m] Stopped target User and Group Name Lookups.
[[0;32m  OK  [0m] Stopped Virtualbox guest utils.
[[0;32m  OK  [0m] Stopped target Basic System.
[[0;32m  OK  [0m] Stopped target Sockets.
[[0;32m  OK  [0m] Closed UUID daemon activation socket.
[[0;32m  OK  [0m] Closed Syslog Socket.
[[0;32m  OK  [0m] Closed ACPID Listen Socket.
[[0;32m  OK  [0m] Closed cloud-init hotplug hook socket.
[[0;32m  OK  [0m] Closed LXD - unix socket.
[[0;32m  OK  [0m] Closed Open-iSCSI iscsid Socket.
[[0;32m  OK  [0m] Closed Socket activation for snappy daemon.
[[0;32m  OK  [0m] Closed D-Bus System Message Bus Socket.
[[0;32m  OK  [0m] Stopped target Paths.
[[0;32m  OK  [0m] Stopped ACPI Events Check.
[[0;32m  OK  [0m] Stopped target Slices.
[[0;32m  OK  [0m] Removed slice User and Session Slice.
[[0;32m  OK  [0m] Stopped target System Initialization.
[[0;32m  OK  [0m] Stopped target Local Encrypted Volumes.
[[0;32m  OK  [0m] Stopped Forward Password Requests to Wall Directory Watch.
[[0;32m  OK  [0m] Stopped Dispatch Password Requests to Console Directory Watch.
         Stopping Update UTMP about System Boot/Shutdown...
         Stopping Load/Save Random Seed...
[[0;32m  OK  [0m] Unmounted /keys/jenkins.
[[0;32m  OK  [0m] Unmounted /keys/apache.
[[0;32m  OK  [0m] Unmounted /playbooks.
[[0;32m  OK  [0m] Unmounted /vagrant.
[[0;32m  OK  [0m] Stopped Load/Save Random Seed.
[[0;32m  OK  [0m] Stopped Update UTMP about System Boot/Shutdown.
[[0;32m  OK  [0m] Stopped target Network is Online.
[[0;32m  OK  [0m] Stopped Initial cloud-init job (metadata service crawler).
[[0;32m  OK  [0m] Stopped target Remote File Systems (Pre).
[[0;32m  OK  [0m] Stopped target Network.
         Stopping Network Name Resolution...
[[0;32m  OK  [0m] Stopped Network Name Resolution.
         Stopping Network Service...
[[0;32m  OK  [0m] Stopped Create Volatile Files and Directories.
[[0;32m  OK  [0m] Stopped target Local File Systems.
[[0;32m  OK  [0m] Stopped target Mounted snaps.
[[0;32m  OK  [0m] Stopped target Mounting snaps.
         Unmounting /run/user/1000...
[[0;32m  OK  [0m] Unmounted /run/user/1000.
[[0;32m  OK  [0m] Reached target Unmount All Filesystems.
[[0;32m  OK  [0m] Stopped target Swap.
[[0;32m  OK  [0m] Stopped target Local File Systems (Pre).
         Stopping Monitoring of LVM2 mirrors…ng dmeventd or progress polling...
[[0;32m  OK  [0m] Stopped Create Static Device Nodes in /dev.
[[0;32m  OK  [0m] Stopped Network Service.
[[0;32m  OK  [0m] Stopped Apply Kernel Variables.
[[0;32m  OK  [0m] Stopped Load Kernel Modules.
[[0;32m  OK  [0m] Stopped target Network (Pre).
[[0;32m  OK  [0m] Stopped Initial cloud-init job (pre-networking).
[[0;32m  OK  [0m] Stopped Remount Root and Kernel File Systems.
[[0;32m  OK  [0m] Reached target Shutdown.
[[0;32m  OK  [0m] Reached target Final Step.
         Starting Power-Off...
[[0;32m  OK  [0m] Stopped Monitoring of LVM2 mirrors,…sing dmeventd or progress polling.
         Stopping LVM2 metadata daemon...
[[0;32m  OK  [0m] Stopped LVM2 metadata daemon.
[11857.942545] reboot: Power down
